

================================================================
== Vitis HLS Report for 'sobel_accel'
================================================================
* Date:           Mon May 11 03:51:26 2026

* Version:        2024.1 (Build 5069499 on May 21 2024)
* Project:        sobel_hls
* Solution:       solution1 (Vivado IP Flow Target)
* Product family: zynq
* Target device:  xc7z020-clg400-1


================================================================
== Performance Estimates
================================================================
+ Timing: 
    * Summary: 
    +--------+----------+----------+------------+
    |  Clock |  Target  | Estimated| Uncertainty|
    +--------+----------+----------+------------+
    |ap_clk  |  10.00 ns|  8.510 ns|     1.25 ns|
    +--------+----------+----------+------------+

+ Latency: 
    * Summary: 
    +---------+---------+----------+----------+-----+-----+---------+
    |  Latency (cycles) |  Latency (absolute) |  Interval | Pipeline|
    |   min   |   max   |    min   |    max   | min | max |   Type  |
    +---------+---------+----------+----------+-----+-----+---------+
    |        ?|        ?|         ?|         ?|    ?|    ?|       no|
    +---------+---------+----------+----------+-----+-----+---------+

    + Detail: 
        * Instance: 
        +---------------------------------------------------+----------------------------------------+---------+---------+----------+----------+-----+-----+-----------------------------------------------+
        |                                                   |                                        |  Latency (cycles) |  Latency (absolute) |  Interval |                    Pipeline                   |
        |                      Instance                     |                 Module                 |   min   |   max   |    min   |    max   | min | max |                      Type                     |
        +---------------------------------------------------+----------------------------------------+---------+---------+----------+----------+-----+-----+-----------------------------------------------+
        |grp_sobel_accel_Pipeline_ROW_LOOP_COL_LOOP_fu_106  |sobel_accel_Pipeline_ROW_LOOP_COL_LOOP  |        ?|        ?|         ?|         ?|    0|    0|  loop auto-rewind stp(delay=0 clock cycles(s))|
        +---------------------------------------------------+----------------------------------------+---------+---------+----------+----------+-----+-----+-----------------------------------------------+

        * Loop: 
        N/A



================================================================
== Utilization Estimates
================================================================
* Summary: 
+-----------------+---------+-----+--------+-------+-----+
|       Name      | BRAM_18K| DSP |   FF   |  LUT  | URAM|
+-----------------+---------+-----+--------+-------+-----+
|DSP              |        -|    -|       -|      -|    -|
|Expression       |        -|    -|       0|    119|    -|
|FIFO             |        -|    -|       -|      -|    -|
|Instance         |        2|    4|     951|   1392|    0|
|Memory           |        -|    -|       -|      -|    -|
|Multiplexer      |        -|    -|       0|     40|    -|
|Register         |        -|    -|     215|      -|    -|
+-----------------+---------+-----+--------+-------+-----+
|Total            |        2|    4|    1166|   1551|    0|
+-----------------+---------+-----+--------+-------+-----+
|Available        |      280|  220|  106400|  53200|    0|
+-----------------+---------+-----+--------+-------+-----+
|Utilization (%)  |       ~0|    1|       1|      2|    0|
+-----------------+---------+-----+--------+-------+-----+

+ Detail: 
    * Instance: 
    +---------------------------------------------------+----------------------------------------+---------+----+-----+------+-----+
    |                      Instance                     |                 Module                 | BRAM_18K| DSP|  FF |  LUT | URAM|
    +---------------------------------------------------+----------------------------------------+---------+----+-----+------+-----+
    |CTRL_s_axi_U                                       |CTRL_s_axi                              |        0|   0|  150|   232|    0|
    |mul_32ns_32ns_64_1_1_U22                           |mul_32ns_32ns_64_1_1                    |        0|   4|    0|    20|    0|
    |grp_sobel_accel_Pipeline_ROW_LOOP_COL_LOOP_fu_106  |sobel_accel_Pipeline_ROW_LOOP_COL_LOOP  |        2|   0|  801|  1140|    0|
    +---------------------------------------------------+----------------------------------------+---------+----+-----+------+-----+
    |Total                                              |                                        |        2|   4|  951|  1392|    0|
    +---------------------------------------------------+----------------------------------------+---------+----+-----+------+-----+

    * DSP: 
    N/A

    * Memory: 
    N/A

    * FIFO: 
    N/A

    * Expression: 
    +---------------------------------------------------------------------+----------+----+---+----+------------+------------+
    |                            Variable Name                            | Operation| DSP| FF| LUT| Bitwidth P0| Bitwidth P1|
    +---------------------------------------------------------------------+----------+----+---+----+------------+------------+
    |sub104_fu_170_p2                                                     |         +|   0|  0|  39|          32|           2|
    |sub107_fu_176_p2                                                     |         +|   0|  0|  39|          32|           2|
    |grp_sobel_accel_Pipeline_ROW_LOOP_COL_LOOP_fu_106_out_stream_TREADY  |       and|   0|  0|   2|           1|           1|
    |cmp2139_fu_182_p2                                                    |      icmp|   0|  0|  39|          32|           1|
    +---------------------------------------------------------------------+----------+----+---+----+------------+------------+
    |Total                                                                |          |   0|  0| 119|          97|           6|
    +---------------------------------------------------------------------+----------+----+---+----+------------+------------+

    * Multiplexer: 
    +-------------------------------+----+-----------+-----+-----------+
    |              Name             | LUT| Input Size| Bits| Total Bits|
    +-------------------------------+----+-----------+-----+-----------+
    |ap_NS_fsm                      |  31|          6|    1|          6|
    |in_stream_TREADY_int_regslice  |   9|          2|    1|          2|
    +-------------------------------+----+-----------+-----+-----------+
    |Total                          |  40|          8|    2|          8|
    +-------------------------------+----+-----------+-----+-----------+

    * Register: 
    +----------------------------------------------------------------+----+----+-----+-----------+
    |                              Name                              | FF | LUT| Bits| Const Bits|
    +----------------------------------------------------------------+----+----+-----+-----------+
    |ap_CS_fsm                                                       |   5|   0|    5|          0|
    |cmp2139_reg_222                                                 |   1|   0|    1|          0|
    |empty_reg_202                                                   |  16|   0|   16|          0|
    |grp_sobel_accel_Pipeline_ROW_LOOP_COL_LOOP_fu_106_ap_start_reg  |   1|   0|    1|          0|
    |height_read_reg_188                                             |  32|   0|   32|          0|
    |mul_ln6_reg_207                                                 |  64|   0|   64|          0|
    |sub104_reg_212                                                  |  32|   0|   32|          0|
    |sub107_reg_217                                                  |  32|   0|   32|          0|
    |width_read_reg_194                                              |  32|   0|   32|          0|
    +----------------------------------------------------------------+----+----+-----+-----------+
    |Total                                                           | 215|   0|  215|          0|
    +----------------------------------------------------------------+----+----+-----+-----------+



================================================================
== Interface
================================================================
* Summary: 
+--------------------+-----+-----+------------+---------------------+--------------+
|      RTL Ports     | Dir | Bits|  Protocol  |    Source Object    |    C Type    |
+--------------------+-----+-----+------------+---------------------+--------------+
|s_axi_CTRL_AWVALID  |   in|    1|       s_axi|                 CTRL|        scalar|
|s_axi_CTRL_AWREADY  |  out|    1|       s_axi|                 CTRL|        scalar|
|s_axi_CTRL_AWADDR   |   in|    6|       s_axi|                 CTRL|        scalar|
|s_axi_CTRL_WVALID   |   in|    1|       s_axi|                 CTRL|        scalar|
|s_axi_CTRL_WREADY   |  out|    1|       s_axi|                 CTRL|        scalar|
|s_axi_CTRL_WDATA    |   in|   32|       s_axi|                 CTRL|        scalar|
|s_axi_CTRL_WSTRB    |   in|    4|       s_axi|                 CTRL|        scalar|
|s_axi_CTRL_ARVALID  |   in|    1|       s_axi|                 CTRL|        scalar|
|s_axi_CTRL_ARREADY  |  out|    1|       s_axi|                 CTRL|        scalar|
|s_axi_CTRL_ARADDR   |   in|    6|       s_axi|                 CTRL|        scalar|
|s_axi_CTRL_RVALID   |  out|    1|       s_axi|                 CTRL|        scalar|
|s_axi_CTRL_RREADY   |   in|    1|       s_axi|                 CTRL|        scalar|
|s_axi_CTRL_RDATA    |  out|   32|       s_axi|                 CTRL|        scalar|
|s_axi_CTRL_RRESP    |  out|    2|       s_axi|                 CTRL|        scalar|
|s_axi_CTRL_BVALID   |  out|    1|       s_axi|                 CTRL|        scalar|
|s_axi_CTRL_BREADY   |   in|    1|       s_axi|                 CTRL|        scalar|
|s_axi_CTRL_BRESP    |  out|    2|       s_axi|                 CTRL|        scalar|
|ap_clk              |   in|    1|  ap_ctrl_hs|          sobel_accel|  return value|
|ap_rst_n            |   in|    1|  ap_ctrl_hs|          sobel_accel|  return value|
|interrupt           |  out|    1|  ap_ctrl_hs|          sobel_accel|  return value|
|in_stream_TDATA     |   in|    8|        axis|   in_stream_V_data_V|       pointer|
|in_stream_TVALID    |   in|    1|        axis|   in_stream_V_dest_V|       pointer|
|in_stream_TREADY    |  out|    1|        axis|   in_stream_V_dest_V|       pointer|
|in_stream_TDEST     |   in|    1|        axis|   in_stream_V_dest_V|       pointer|
|in_stream_TKEEP     |   in|    1|        axis|   in_stream_V_keep_V|       pointer|
|in_stream_TSTRB     |   in|    1|        axis|   in_stream_V_strb_V|       pointer|
|in_stream_TUSER     |   in|    1|        axis|   in_stream_V_user_V|       pointer|
|in_stream_TLAST     |   in|    1|        axis|   in_stream_V_last_V|       pointer|
|in_stream_TID       |   in|    1|        axis|     in_stream_V_id_V|       pointer|
|out_stream_TDATA    |  out|    8|        axis|  out_stream_V_data_V|       pointer|
|out_stream_TVALID   |  out|    1|        axis|  out_stream_V_dest_V|       pointer|
|out_stream_TREADY   |   in|    1|        axis|  out_stream_V_dest_V|       pointer|
|out_stream_TDEST    |  out|    1|        axis|  out_stream_V_dest_V|       pointer|
|out_stream_TKEEP    |  out|    1|        axis|  out_stream_V_keep_V|       pointer|
|out_stream_TSTRB    |  out|    1|        axis|  out_stream_V_strb_V|       pointer|
|out_stream_TUSER    |  out|    1|        axis|  out_stream_V_user_V|       pointer|
|out_stream_TLAST    |  out|    1|        axis|  out_stream_V_last_V|       pointer|
|out_stream_TID      |  out|    1|        axis|    out_stream_V_id_V|       pointer|
+--------------------+-----+-----+------------+---------------------+--------------+

============================================================
+ Verbose Summary: Synthesis Manager
============================================================
InlineROM: 1
ExposeGlobal: 0
============================================================
+ Verbose Summary: CDFG Model
============================================================
IsTopModel: 1
ResetActiveHigh: 1
IsCombinational: 2
IsDatapathOnly: 2
HasWiredReturn: 1
HasMFsm: 0
HasVarLatency: 1
IsPipeline: 0
IsRtlPipelined: 0
IsInstanceOverlapped: 0
IsDontTouch: 0
HasImplIP: 0
IsGatedGlobalClock: 0


============================================================
+ Verbose Summary: Schedule
============================================================
* Number of FSM states : 5
* Pipeline : 0
* Dataflow Pipeline: 0

* FSM state transitions: 
1 --> 2 
2 --> 3 
3 --> 4 
4 --> 5 
5 --> 

* FSM state operations: 

State 1 <SV = 0> <Delay = 1.00>
ST_1 : Operation 6 [1/1] (1.00ns)   --->   "%threshold_read = read i32 @_ssdm_op_Read.s_axilite.i32, i32 %threshold" [sobel_accel.cpp:7]   --->   Operation 6 'read' 'threshold_read' <Predicate = true> <Delay = 1.00> <CoreInst = "s_axilite">   --->   Core 112 's_axilite' <Latency = 0> <II = 1> <Delay = 1.00> <Adapter> <Opcode : 'read' 'write'>
ST_1 : Operation 7 [1/1] (1.00ns)   --->   "%height_read = read i32 @_ssdm_op_Read.s_axilite.i32, i32 %height" [sobel_accel.cpp:7]   --->   Operation 7 'read' 'height_read' <Predicate = true> <Delay = 1.00> <CoreInst = "s_axilite">   --->   Core 112 's_axilite' <Latency = 0> <II = 1> <Delay = 1.00> <Adapter> <Opcode : 'read' 'write'>
ST_1 : Operation 8 [1/1] (1.00ns)   --->   "%width_read = read i32 @_ssdm_op_Read.s_axilite.i32, i32 %width" [sobel_accel.cpp:7]   --->   Operation 8 'read' 'width_read' <Predicate = true> <Delay = 1.00> <CoreInst = "s_axilite">   --->   Core 112 's_axilite' <Latency = 0> <II = 1> <Delay = 1.00> <Adapter> <Opcode : 'read' 'write'>
ST_1 : Operation 9 [1/1] (0.00ns)   --->   "%empty = trunc i32 %threshold_read" [sobel_accel.cpp:7]   --->   Operation 9 'trunc' 'empty' <Predicate = true> <Delay = 0.00>

State 2 <SV = 1> <Delay = 8.51>
ST_2 : Operation 10 [1/1] (0.00ns)   --->   "%zext_ln6 = zext i32 %height_read" [sobel_accel.cpp:6]   --->   Operation 10 'zext' 'zext_ln6' <Predicate = true> <Delay = 0.00>
ST_2 : Operation 11 [1/1] (0.00ns)   --->   "%zext_ln6_1 = zext i32 %width_read" [sobel_accel.cpp:6]   --->   Operation 11 'zext' 'zext_ln6_1' <Predicate = true> <Delay = 0.00>
ST_2 : Operation 12 [1/1] (8.51ns)   --->   "%mul_ln6 = mul i64 %zext_ln6, i64 %zext_ln6_1" [sobel_accel.cpp:6]   --->   Operation 12 'mul' 'mul_ln6' <Predicate = true> <Delay = 8.51> <CoreInst = "Multiplier">   --->   Core 3 'Multiplier' <Latency = 0> <II = 1> <Delay = 8.51> <FuncUnit> <Opcode : 'mul'> <InPorts = 2> <OutPorts = 1>
ST_2 : Operation 13 [1/1] (0.00ns)   --->   "%empty_25 = wait i32 @_ssdm_op_Wait"   --->   Operation 13 'wait' 'empty_25' <Predicate = true> <Delay = 0.00>

State 3 <SV = 2> <Delay = 3.07>
ST_3 : Operation 14 [1/1] (2.55ns)   --->   "%sub104 = add i32 %height_read, i32 4294967295" [sobel_accel.cpp:7]   --->   Operation 14 'add' 'sub104' <Predicate = true> <Delay = 2.55> <CoreInst = "Adder">   --->   Core 1 'Adder' <Latency = 0> <II = 1> <Delay = 2.55> <FuncUnit> <Opcode : 'add' 'sub'> <InPorts = 2> <OutPorts = 1>
ST_3 : Operation 15 [1/1] (2.55ns)   --->   "%sub107 = add i32 %width_read, i32 4294967295" [sobel_accel.cpp:7]   --->   Operation 15 'add' 'sub107' <Predicate = true> <Delay = 2.55> <CoreInst = "Adder">   --->   Core 1 'Adder' <Latency = 0> <II = 1> <Delay = 2.55> <FuncUnit> <Opcode : 'add' 'sub'> <InPorts = 2> <OutPorts = 1>
ST_3 : Operation 16 [1/1] (2.55ns)   --->   "%cmp2139 = icmp_sgt  i32 %width_read, i32 0" [sobel_accel.cpp:7]   --->   Operation 16 'icmp' 'cmp2139' <Predicate = true> <Delay = 2.55> <CoreInst = "Cmp">   --->   Core 9 'Cmp' <Latency = 0> <II = 1> <Delay = 2.55> <FuncUnit> <Opcode : 'seteq' 'setne' 'setle' 'setge' 'setlt' 'setgt'> <InPorts = 2> <OutPorts = 1>
ST_3 : Operation 17 [2/2] (0.51ns)   --->   "%call_ln6 = call void @sobel_accel_Pipeline_ROW_LOOP_COL_LOOP, i64 %mul_ln6, i1 %cmp2139, i32 %sub104, i8 %in_stream_V_data_V, i1 %in_stream_V_keep_V, i1 %in_stream_V_strb_V, i1 %in_stream_V_user_V, i1 %in_stream_V_last_V, i1 %in_stream_V_id_V, i1 %in_stream_V_dest_V, i16 %empty, i32 %sub107, i8 %out_stream_V_data_V, i1 %out_stream_V_keep_V, i1 %out_stream_V_strb_V, i1 %out_stream_V_user_V, i1 %out_stream_V_last_V, i1 %out_stream_V_id_V, i1 %out_stream_V_dest_V, i32 %width_read, i8 %sobel_accel_stream_stream_axis_0_int_int_int_line_buf_1, i8 %sobel_accel_stream_stream_axis_0_int_int_int_line_buf, i8 %p_ZZ11sobel_accelRN3hls6streamINS_4axisI7ap_uintILi8EELm1ELm1ELm1ELh56ELb0EEELi0E_2, i8 %p_ZZ11sobel_accelRN3hls6streamINS_4axisI7ap_uintILi8EELm1ELm1ELm1ELh56ELb0EEELi0E_1, i8 %p_ZZ11sobel_accelRN3hls6streamINS_4axisI7ap_uintILi8EELm1ELm1ELm1ELh56ELb0EEELi0E" [sobel_accel.cpp:6]   --->   Operation 17 'call' 'call_ln6' <Predicate = true> <Delay = 0.51> <CoreType = "Generic">   --->   Core 0 '' <Latency = 0> <II = 1> <Delay = 1.00> <Generic> <Opcode : >

State 4 <SV = 3> <Delay = 7.92>
ST_4 : Operation 18 [1/2] (7.92ns)   --->   "%call_ln6 = call void @sobel_accel_Pipeline_ROW_LOOP_COL_LOOP, i64 %mul_ln6, i1 %cmp2139, i32 %sub104, i8 %in_stream_V_data_V, i1 %in_stream_V_keep_V, i1 %in_stream_V_strb_V, i1 %in_stream_V_user_V, i1 %in_stream_V_last_V, i1 %in_stream_V_id_V, i1 %in_stream_V_dest_V, i16 %empty, i32 %sub107, i8 %out_stream_V_data_V, i1 %out_stream_V_keep_V, i1 %out_stream_V_strb_V, i1 %out_stream_V_user_V, i1 %out_stream_V_last_V, i1 %out_stream_V_id_V, i1 %out_stream_V_dest_V, i32 %width_read, i8 %sobel_accel_stream_stream_axis_0_int_int_int_line_buf_1, i8 %sobel_accel_stream_stream_axis_0_int_int_int_line_buf, i8 %p_ZZ11sobel_accelRN3hls6streamINS_4axisI7ap_uintILi8EELm1ELm1ELm1ELh56ELb0EEELi0E_2, i8 %p_ZZ11sobel_accelRN3hls6streamINS_4axisI7ap_uintILi8EELm1ELm1ELm1ELh56ELb0EEELi0E_1, i8 %p_ZZ11sobel_accelRN3hls6streamINS_4axisI7ap_uintILi8EELm1ELm1ELm1ELh56ELb0EEELi0E" [sobel_accel.cpp:6]   --->   Operation 18 'call' 'call_ln6' <Predicate = true> <Delay = 7.92> <CoreType = "Generic">   --->   Core 0 '' <Latency = 0> <II = 1> <Delay = 1.00> <Generic> <Opcode : >

State 5 <SV = 4> <Delay = 0.00>
ST_5 : Operation 19 [1/1] (0.00ns)   --->   "%spectopmodule_ln6 = spectopmodule void @_ssdm_op_SpecTopModule, void @empty_10" [sobel_accel.cpp:6]   --->   Operation 19 'spectopmodule' 'spectopmodule_ln6' <Predicate = true> <Delay = 0.00>
ST_5 : Operation 20 [1/1] (0.00ns)   --->   "%specinterface_ln0 = specinterface void @_ssdm_op_SpecInterface, i8 %in_stream_V_data_V, i1 %in_stream_V_keep_V, i1 %in_stream_V_strb_V, i1 %in_stream_V_user_V, i1 %in_stream_V_last_V, i1 %in_stream_V_id_V, i1 %in_stream_V_dest_V, void @empty, i32 1, i32 1, void @empty_0, i32 0, i32 0, void @empty_1, void @empty_1, void @empty_1, i32 0, i32 0, i32 0, i32 0, void @empty_1, void @empty_1, i32 4294967295, i32 0, i32 0"   --->   Operation 20 'specinterface' 'specinterface_ln0' <Predicate = true> <Delay = 0.00>
ST_5 : Operation 21 [1/1] (0.00ns)   --->   "%specbitsmap_ln0 = specbitsmap void @_ssdm_op_SpecBitsMap, i8 %in_stream_V_data_V"   --->   Operation 21 'specbitsmap' 'specbitsmap_ln0' <Predicate = true> <Delay = 0.00>
ST_5 : Operation 22 [1/1] (0.00ns)   --->   "%specbitsmap_ln0 = specbitsmap void @_ssdm_op_SpecBitsMap, i1 %in_stream_V_keep_V"   --->   Operation 22 'specbitsmap' 'specbitsmap_ln0' <Predicate = true> <Delay = 0.00>
ST_5 : Operation 23 [1/1] (0.00ns)   --->   "%specbitsmap_ln0 = specbitsmap void @_ssdm_op_SpecBitsMap, i1 %in_stream_V_strb_V"   --->   Operation 23 'specbitsmap' 'specbitsmap_ln0' <Predicate = true> <Delay = 0.00>
ST_5 : Operation 24 [1/1] (0.00ns)   --->   "%specbitsmap_ln0 = specbitsmap void @_ssdm_op_SpecBitsMap, i1 %in_stream_V_user_V"   --->   Operation 24 'specbitsmap' 'specbitsmap_ln0' <Predicate = true> <Delay = 0.00>
ST_5 : Operation 25 [1/1] (0.00ns)   --->   "%specbitsmap_ln0 = specbitsmap void @_ssdm_op_SpecBitsMap, i1 %in_stream_V_last_V"   --->   Operation 25 'specbitsmap' 'specbitsmap_ln0' <Predicate = true> <Delay = 0.00>
ST_5 : Operation 26 [1/1] (0.00ns)   --->   "%specbitsmap_ln0 = specbitsmap void @_ssdm_op_SpecBitsMap, i1 %in_stream_V_id_V"   --->   Operation 26 'specbitsmap' 'specbitsmap_ln0' <Predicate = true> <Delay = 0.00>
ST_5 : Operation 27 [1/1] (0.00ns)   --->   "%specbitsmap_ln0 = specbitsmap void @_ssdm_op_SpecBitsMap, i1 %in_stream_V_dest_V"   --->   Operation 27 'specbitsmap' 'specbitsmap_ln0' <Predicate = true> <Delay = 0.00>
ST_5 : Operation 28 [1/1] (0.00ns)   --->   "%specinterface_ln0 = specinterface void @_ssdm_op_SpecInterface, i8 %out_stream_V_data_V, i1 %out_stream_V_keep_V, i1 %out_stream_V_strb_V, i1 %out_stream_V_user_V, i1 %out_stream_V_last_V, i1 %out_stream_V_id_V, i1 %out_stream_V_dest_V, void @empty, i32 1, i32 1, void @empty_0, i32 0, i32 0, void @empty_1, void @empty_1, void @empty_1, i32 0, i32 0, i32 0, i32 0, void @empty_1, void @empty_1, i32 4294967295, i32 0, i32 0"   --->   Operation 28 'specinterface' 'specinterface_ln0' <Predicate = true> <Delay = 0.00>
ST_5 : Operation 29 [1/1] (0.00ns)   --->   "%specbitsmap_ln0 = specbitsmap void @_ssdm_op_SpecBitsMap, i8 %out_stream_V_data_V"   --->   Operation 29 'specbitsmap' 'specbitsmap_ln0' <Predicate = true> <Delay = 0.00>
ST_5 : Operation 30 [1/1] (0.00ns)   --->   "%specbitsmap_ln0 = specbitsmap void @_ssdm_op_SpecBitsMap, i1 %out_stream_V_keep_V"   --->   Operation 30 'specbitsmap' 'specbitsmap_ln0' <Predicate = true> <Delay = 0.00>
ST_5 : Operation 31 [1/1] (0.00ns)   --->   "%specbitsmap_ln0 = specbitsmap void @_ssdm_op_SpecBitsMap, i1 %out_stream_V_strb_V"   --->   Operation 31 'specbitsmap' 'specbitsmap_ln0' <Predicate = true> <Delay = 0.00>
ST_5 : Operation 32 [1/1] (0.00ns)   --->   "%specbitsmap_ln0 = specbitsmap void @_ssdm_op_SpecBitsMap, i1 %out_stream_V_user_V"   --->   Operation 32 'specbitsmap' 'specbitsmap_ln0' <Predicate = true> <Delay = 0.00>
ST_5 : Operation 33 [1/1] (0.00ns)   --->   "%specbitsmap_ln0 = specbitsmap void @_ssdm_op_SpecBitsMap, i1 %out_stream_V_last_V"   --->   Operation 33 'specbitsmap' 'specbitsmap_ln0' <Predicate = true> <Delay = 0.00>
ST_5 : Operation 34 [1/1] (0.00ns)   --->   "%specbitsmap_ln0 = specbitsmap void @_ssdm_op_SpecBitsMap, i1 %out_stream_V_id_V"   --->   Operation 34 'specbitsmap' 'specbitsmap_ln0' <Predicate = true> <Delay = 0.00>
ST_5 : Operation 35 [1/1] (0.00ns)   --->   "%specbitsmap_ln0 = specbitsmap void @_ssdm_op_SpecBitsMap, i1 %out_stream_V_dest_V"   --->   Operation 35 'specbitsmap' 'specbitsmap_ln0' <Predicate = true> <Delay = 0.00>
ST_5 : Operation 36 [1/1] (0.00ns)   --->   "%specbitsmap_ln0 = specbitsmap void @_ssdm_op_SpecBitsMap, i32 %width"   --->   Operation 36 'specbitsmap' 'specbitsmap_ln0' <Predicate = true> <Delay = 0.00>
ST_5 : Operation 37 [1/1] (0.00ns)   --->   "%specinterface_ln0 = specinterface void @_ssdm_op_SpecInterface, i32 %width, void @empty_2, i32 4294967295, i32 4294967295, void @empty_0, i32 0, i32 0, void @empty_3, void @empty_4, void @empty_1, i32 0, i32 0, i32 0, i32 0, void @empty_1, void @empty_1, i32 4294967295, i32 0, i32 0"   --->   Operation 37 'specinterface' 'specinterface_ln0' <Predicate = true> <Delay = 0.00>
ST_5 : Operation 38 [1/1] (0.00ns)   --->   "%specinterface_ln0 = specinterface void @_ssdm_op_SpecInterface, i32 %width, void @empty_5, i32 4294967295, i32 4294967295, void @empty_1, i32 0, i32 0, void @empty_1, void @empty_1, void @empty_1, i32 0, i32 0, i32 0, i32 0, void @empty_1, void @empty_1, i32 4294967295, i32 0, i32 0"   --->   Operation 38 'specinterface' 'specinterface_ln0' <Predicate = true> <Delay = 0.00>
ST_5 : Operation 39 [1/1] (0.00ns)   --->   "%specbitsmap_ln0 = specbitsmap void @_ssdm_op_SpecBitsMap, i32 %height"   --->   Operation 39 'specbitsmap' 'specbitsmap_ln0' <Predicate = true> <Delay = 0.00>
ST_5 : Operation 40 [1/1] (0.00ns)   --->   "%specinterface_ln0 = specinterface void @_ssdm_op_SpecInterface, i32 %height, void @empty_2, i32 4294967295, i32 4294967295, void @empty_0, i32 0, i32 0, void @empty_3, void @empty_6, void @empty_1, i32 0, i32 0, i32 0, i32 0, void @empty_1, void @empty_1, i32 4294967295, i32 0, i32 0"   --->   Operation 40 'specinterface' 'specinterface_ln0' <Predicate = true> <Delay = 0.00>
ST_5 : Operation 41 [1/1] (0.00ns)   --->   "%specinterface_ln0 = specinterface void @_ssdm_op_SpecInterface, i32 %height, void @empty_5, i32 4294967295, i32 4294967295, void @empty_1, i32 0, i32 0, void @empty_1, void @empty_1, void @empty_1, i32 0, i32 0, i32 0, i32 0, void @empty_1, void @empty_1, i32 4294967295, i32 0, i32 0"   --->   Operation 41 'specinterface' 'specinterface_ln0' <Predicate = true> <Delay = 0.00>
ST_5 : Operation 42 [1/1] (0.00ns)   --->   "%specbitsmap_ln0 = specbitsmap void @_ssdm_op_SpecBitsMap, i32 %threshold"   --->   Operation 42 'specbitsmap' 'specbitsmap_ln0' <Predicate = true> <Delay = 0.00>
ST_5 : Operation 43 [1/1] (0.00ns)   --->   "%specinterface_ln0 = specinterface void @_ssdm_op_SpecInterface, i32 %threshold, void @empty_2, i32 4294967295, i32 4294967295, void @empty_0, i32 0, i32 0, void @empty_3, void @empty_7, void @empty_1, i32 0, i32 0, i32 0, i32 0, void @empty_1, void @empty_1, i32 4294967295, i32 0, i32 0"   --->   Operation 43 'specinterface' 'specinterface_ln0' <Predicate = true> <Delay = 0.00>
ST_5 : Operation 44 [1/1] (0.00ns)   --->   "%specinterface_ln0 = specinterface void @_ssdm_op_SpecInterface, i32 %threshold, void @empty_5, i32 4294967295, i32 4294967295, void @empty_1, i32 0, i32 0, void @empty_1, void @empty_1, void @empty_1, i32 0, i32 0, i32 0, i32 0, void @empty_1, void @empty_1, i32 4294967295, i32 0, i32 0"   --->   Operation 44 'specinterface' 'specinterface_ln0' <Predicate = true> <Delay = 0.00>
ST_5 : Operation 45 [1/1] (0.00ns)   --->   "%specinterface_ln0 = specinterface void @_ssdm_op_SpecInterface, i32 0, void @empty_2, i32 0, i32 0, void @empty_1, i32 0, i32 0, void @empty_3, void @empty_1, void @empty_1, i32 0, i32 0, i32 0, i32 0, void @empty_1, void @empty_1, i32 4294967295, i32 0, i32 0"   --->   Operation 45 'specinterface' 'specinterface_ln0' <Predicate = true> <Delay = 0.00>
ST_5 : Operation 46 [1/1] (0.00ns)   --->   "%specaxissidechannel_ln29 = specaxissidechannel void @_ssdm_op_SpecAXISSideChannel, i8 %out_stream_V_data_V, i1 %out_stream_V_keep_V, i1 %out_stream_V_strb_V, i1 %out_stream_V_user_V, i1 %out_stream_V_last_V, i1 %out_stream_V_id_V, i1 %out_stream_V_dest_V, void @empty_8" [sobel_accel.cpp:29]   --->   Operation 46 'specaxissidechannel' 'specaxissidechannel_ln29' <Predicate = true> <Delay = 0.00>
ST_5 : Operation 47 [1/1] (0.00ns)   --->   "%specaxissidechannel_ln29 = specaxissidechannel void @_ssdm_op_SpecAXISSideChannel, i8 %in_stream_V_data_V, i1 %in_stream_V_keep_V, i1 %in_stream_V_strb_V, i1 %in_stream_V_user_V, i1 %in_stream_V_last_V, i1 %in_stream_V_id_V, i1 %in_stream_V_dest_V, void @empty_9" [sobel_accel.cpp:29]   --->   Operation 47 'specaxissidechannel' 'specaxissidechannel_ln29' <Predicate = true> <Delay = 0.00>
ST_5 : Operation 48 [1/1] (0.00ns)   --->   "%ret_ln91 = ret" [sobel_accel.cpp:91]   --->   Operation 48 'ret' 'ret_ln91' <Predicate = true> <Delay = 0.00>


============================================================
+ Verbose Summary: Binding
============================================================
STG Binding: 
---------------- STG Properties BEGIN ----------------
- Is combinational: 0
- Is one-state seq: 0
- Is datapath-only: 0
- Is pipelined: 0
- Is top level: 1
Port [ Return ] is wired: 1; IO mode=ap_ctrl_hs:ce=0
Port [ in_stream_V_data_V]:  wired=1; compound=1; hidden=0; nouse=0; global=0; static=0; extern=0; dir=0; type=0; pingpong=0; private_global=0; IO mode=axis:ce=0
Port [ in_stream_V_keep_V]:  wired=1; compound=1; hidden=0; nouse=0; global=0; static=0; extern=0; dir=0; type=0; pingpong=0; private_global=0; IO mode=axis:ce=0
Port [ in_stream_V_strb_V]:  wired=1; compound=1; hidden=0; nouse=0; global=0; static=0; extern=0; dir=0; type=0; pingpong=0; private_global=0; IO mode=axis:ce=0
Port [ in_stream_V_user_V]:  wired=1; compound=1; hidden=0; nouse=0; global=0; static=0; extern=0; dir=0; type=0; pingpong=0; private_global=0; IO mode=axis:ce=0
Port [ in_stream_V_last_V]:  wired=1; compound=1; hidden=0; nouse=0; global=0; static=0; extern=0; dir=0; type=0; pingpong=0; private_global=0; IO mode=axis:ce=0
Port [ in_stream_V_id_V]:  wired=1; compound=1; hidden=0; nouse=0; global=0; static=0; extern=0; dir=0; type=0; pingpong=0; private_global=0; IO mode=axis:ce=0
Port [ in_stream_V_dest_V]:  wired=1; compound=1; hidden=0; nouse=0; global=0; static=0; extern=0; dir=0; type=0; pingpong=0; private_global=0; IO mode=axis:ce=0
Port [ out_stream_V_data_V]:  wired=1; compound=1; hidden=0; nouse=0; global=0; static=0; extern=0; dir=1; type=0; pingpong=0; private_global=0; IO mode=axis:ce=0
Port [ out_stream_V_keep_V]:  wired=1; compound=1; hidden=0; nouse=0; global=0; static=0; extern=0; dir=1; type=0; pingpong=0; private_global=0; IO mode=axis:ce=0
Port [ out_stream_V_strb_V]:  wired=1; compound=1; hidden=0; nouse=0; global=0; static=0; extern=0; dir=1; type=0; pingpong=0; private_global=0; IO mode=axis:ce=0
Port [ out_stream_V_user_V]:  wired=1; compound=1; hidden=0; nouse=0; global=0; static=0; extern=0; dir=1; type=0; pingpong=0; private_global=0; IO mode=axis:ce=0
Port [ out_stream_V_last_V]:  wired=1; compound=1; hidden=0; nouse=0; global=0; static=0; extern=0; dir=1; type=0; pingpong=0; private_global=0; IO mode=axis:ce=0
Port [ out_stream_V_id_V]:  wired=1; compound=1; hidden=0; nouse=0; global=0; static=0; extern=0; dir=1; type=0; pingpong=0; private_global=0; IO mode=axis:ce=0
Port [ out_stream_V_dest_V]:  wired=1; compound=1; hidden=0; nouse=0; global=0; static=0; extern=0; dir=1; type=0; pingpong=0; private_global=0; IO mode=axis:ce=0
Port [ width]:  wired=1; compound=0; hidden=0; nouse=0; global=0; static=0; extern=0; dir=0; type=0; pingpong=0; private_global=0; IO mode=ap_none:ce=0
Port [ height]:  wired=1; compound=0; hidden=0; nouse=0; global=0; static=0; extern=0; dir=0; type=0; pingpong=0; private_global=0; IO mode=ap_none:ce=0
Port [ threshold]:  wired=1; compound=0; hidden=0; nouse=0; global=0; static=0; extern=0; dir=0; type=0; pingpong=0; private_global=0; IO mode=ap_none:ce=0
Port [ sobel_accel_stream_stream_axis_0_int_int_int_line_buf_1]:  wired=0; compound=1; hidden=1; nouse=1; global=1; static=1; extern=0; dir=2; type=1; pingpong=0; private_global=0; MemPort=[01]; IO mode=ap_memory:ce=0
Port [ sobel_accel_stream_stream_axis_0_int_int_int_line_buf]:  wired=0; compound=1; hidden=1; nouse=1; global=1; static=1; extern=0; dir=2; type=1; pingpong=0; private_global=0; MemPort=[01]; IO mode=ap_memory:ce=0
Port [ p_ZZ11sobel_accelRN3hls6streamINS_4axisI7ap_uintILi8EELm1ELm1ELm1ELh56ELb0EEELi0E_2]:  wired=0; compound=0; hidden=1; nouse=1; global=1; static=1; extern=0; dir=2; type=0; pingpong=0; private_global=0; IO mode=ap_ovld:ce=0
Port [ p_ZZ11sobel_accelRN3hls6streamINS_4axisI7ap_uintILi8EELm1ELm1ELm1ELh56ELb0EEELi0E_1]:  wired=0; compound=0; hidden=1; nouse=1; global=1; static=1; extern=0; dir=2; type=0; pingpong=0; private_global=0; IO mode=ap_ovld:ce=0
Port [ p_ZZ11sobel_accelRN3hls6streamINS_4axisI7ap_uintILi8EELm1ELm1ELm1ELh56ELb0EEELi0E]:  wired=0; compound=0; hidden=1; nouse=1; global=1; static=1; extern=0; dir=2; type=0; pingpong=0; private_global=0; IO mode=ap_ovld:ce=0
---------------- STG Properties END ------------------

---------------- Datapath Model BEGIN ----------------

<LifeTime>
<method=bitvector/>
threshold_read           (read               ) [ 000000]
height_read              (read               ) [ 001100]
width_read               (read               ) [ 001110]
empty                    (trunc              ) [ 001110]
zext_ln6                 (zext               ) [ 000000]
zext_ln6_1               (zext               ) [ 000000]
mul_ln6                  (mul                ) [ 000110]
empty_25                 (wait               ) [ 000000]
sub104                   (add                ) [ 000010]
sub107                   (add                ) [ 000010]
cmp2139                  (icmp               ) [ 000010]
call_ln6                 (call               ) [ 000000]
spectopmodule_ln6        (spectopmodule      ) [ 000000]
specinterface_ln0        (specinterface      ) [ 000000]
specbitsmap_ln0          (specbitsmap        ) [ 000000]
specbitsmap_ln0          (specbitsmap        ) [ 000000]
specbitsmap_ln0          (specbitsmap        ) [ 000000]
specbitsmap_ln0          (specbitsmap        ) [ 000000]
specbitsmap_ln0          (specbitsmap        ) [ 000000]
specbitsmap_ln0          (specbitsmap        ) [ 000000]
specbitsmap_ln0          (specbitsmap        ) [ 000000]
specinterface_ln0        (specinterface      ) [ 000000]
specbitsmap_ln0          (specbitsmap        ) [ 000000]
specbitsmap_ln0          (specbitsmap        ) [ 000000]
specbitsmap_ln0          (specbitsmap        ) [ 000000]
specbitsmap_ln0          (specbitsmap        ) [ 000000]
specbitsmap_ln0          (specbitsmap        ) [ 000000]
specbitsmap_ln0          (specbitsmap        ) [ 000000]
specbitsmap_ln0          (specbitsmap        ) [ 000000]
specbitsmap_ln0          (specbitsmap        ) [ 000000]
specinterface_ln0        (specinterface      ) [ 000000]
specinterface_ln0        (specinterface      ) [ 000000]
specbitsmap_ln0          (specbitsmap        ) [ 000000]
specinterface_ln0        (specinterface      ) [ 000000]
specinterface_ln0        (specinterface      ) [ 000000]
specbitsmap_ln0          (specbitsmap        ) [ 000000]
specinterface_ln0        (specinterface      ) [ 000000]
specinterface_ln0        (specinterface      ) [ 000000]
specinterface_ln0        (specinterface      ) [ 000000]
specaxissidechannel_ln29 (specaxissidechannel) [ 000000]
specaxissidechannel_ln29 (specaxissidechannel) [ 000000]
ret_ln91                 (ret                ) [ 000000]
</LifeTime>

<model>

<comp_list>
<comp id="0" class="1000" name="in_stream_V_data_V">
<pin_list>
<pin id="1" dir="1" index="0" bw="1" slack="0"/>
</pin_list>
<bind>
<StgValue><ssdm name="in_stream_V_data_V"/></StgValue>
</bind>
</comp>

<comp id="2" class="1000" name="in_stream_V_keep_V">
<pin_list>
<pin id="3" dir="1" index="0" bw="1" slack="0"/>
</pin_list>
<bind>
<StgValue><ssdm name="in_stream_V_keep_V"/></StgValue>
</bind>
</comp>

<comp id="4" class="1000" name="in_stream_V_strb_V">
<pin_list>
<pin id="5" dir="1" index="0" bw="1" slack="0"/>
</pin_list>
<bind>
<StgValue><ssdm name="in_stream_V_strb_V"/></StgValue>
</bind>
</comp>

<comp id="6" class="1000" name="in_stream_V_user_V">
<pin_list>
<pin id="7" dir="1" index="0" bw="1" slack="0"/>
</pin_list>
<bind>
<StgValue><ssdm name="in_stream_V_user_V"/></StgValue>
</bind>
</comp>

<comp id="8" class="1000" name="in_stream_V_last_V">
<pin_list>
<pin id="9" dir="1" index="0" bw="1" slack="0"/>
</pin_list>
<bind>
<StgValue><ssdm name="in_stream_V_last_V"/></StgValue>
</bind>
</comp>

<comp id="10" class="1000" name="in_stream_V_id_V">
<pin_list>
<pin id="11" dir="1" index="0" bw="1" slack="0"/>
</pin_list>
<bind>
<StgValue><ssdm name="in_stream_V_id_V"/></StgValue>
</bind>
</comp>

<comp id="12" class="1000" name="in_stream_V_dest_V">
<pin_list>
<pin id="13" dir="1" index="0" bw="1" slack="0"/>
</pin_list>
<bind>
<StgValue><ssdm name="in_stream_V_dest_V"/></StgValue>
</bind>
</comp>

<comp id="14" class="1000" name="out_stream_V_data_V">
<pin_list>
<pin id="15" dir="1" index="0" bw="1" slack="0"/>
</pin_list>
<bind>
<StgValue><ssdm name="out_stream_V_data_V"/></StgValue>
</bind>
</comp>

<comp id="16" class="1000" name="out_stream_V_keep_V">
<pin_list>
<pin id="17" dir="1" index="0" bw="1" slack="0"/>
</pin_list>
<bind>
<StgValue><ssdm name="out_stream_V_keep_V"/></StgValue>
</bind>
</comp>

<comp id="18" class="1000" name="out_stream_V_strb_V">
<pin_list>
<pin id="19" dir="1" index="0" bw="1" slack="0"/>
</pin_list>
<bind>
<StgValue><ssdm name="out_stream_V_strb_V"/></StgValue>
</bind>
</comp>

<comp id="20" class="1000" name="out_stream_V_user_V">
<pin_list>
<pin id="21" dir="1" index="0" bw="1" slack="0"/>
</pin_list>
<bind>
<StgValue><ssdm name="out_stream_V_user_V"/></StgValue>
</bind>
</comp>

<comp id="22" class="1000" name="out_stream_V_last_V">
<pin_list>
<pin id="23" dir="1" index="0" bw="1" slack="0"/>
</pin_list>
<bind>
<StgValue><ssdm name="out_stream_V_last_V"/></StgValue>
</bind>
</comp>

<comp id="24" class="1000" name="out_stream_V_id_V">
<pin_list>
<pin id="25" dir="1" index="0" bw="1" slack="0"/>
</pin_list>
<bind>
<StgValue><ssdm name="out_stream_V_id_V"/></StgValue>
</bind>
</comp>

<comp id="26" class="1000" name="out_stream_V_dest_V">
<pin_list>
<pin id="27" dir="1" index="0" bw="1" slack="0"/>
</pin_list>
<bind>
<StgValue><ssdm name="out_stream_V_dest_V"/></StgValue>
</bind>
</comp>

<comp id="28" class="1000" name="width">
<pin_list>
<pin id="29" dir="1" index="0" bw="1" slack="0"/>
</pin_list>
<bind>
<StgValue><ssdm name="width"/></StgValue>
</bind>
</comp>

<comp id="30" class="1000" name="height">
<pin_list>
<pin id="31" dir="1" index="0" bw="1" slack="0"/>
</pin_list>
<bind>
<StgValue><ssdm name="height"/></StgValue>
</bind>
</comp>

<comp id="32" class="1000" name="threshold">
<pin_list>
<pin id="33" dir="1" index="0" bw="1" slack="0"/>
</pin_list>
<bind>
<StgValue><ssdm name="threshold"/></StgValue>
</bind>
</comp>

<comp id="34" class="1000" name="sobel_accel_stream_stream_axis_0_int_int_int_line_buf_1">
<pin_list>
<pin id="35" dir="1" index="0" bw="1" slack="0"/>
</pin_list>
<bind>
<StgValue><ssdm name="sobel_accel_stream_stream_axis_0_int_int_int_line_buf_1"/><MemPortTyVec>0 1 </MemPortTyVec>
</StgValue>
</bind>
</comp>

<comp id="36" class="1000" name="sobel_accel_stream_stream_axis_0_int_int_int_line_buf">
<pin_list>
<pin id="37" dir="1" index="0" bw="1" slack="0"/>
</pin_list>
<bind>
<StgValue><ssdm name="sobel_accel_stream_stream_axis_0_int_int_int_line_buf"/><MemPortTyVec>0 1 </MemPortTyVec>
</StgValue>
</bind>
</comp>

<comp id="38" class="1000" name="p_ZZ11sobel_accelRN3hls6streamINS_4axisI7ap_uintILi8EELm1ELm1ELm1ELh56ELb0EEELi0E_2">
<pin_list>
<pin id="39" dir="1" index="0" bw="1" slack="0"/>
</pin_list>
<bind>
<StgValue><ssdm name="p_ZZ11sobel_accelRN3hls6streamINS_4axisI7ap_uintILi8EELm1ELm1ELm1ELh56ELb0EEELi0E_2"/></StgValue>
</bind>
</comp>

<comp id="40" class="1000" name="p_ZZ11sobel_accelRN3hls6streamINS_4axisI7ap_uintILi8EELm1ELm1ELm1ELh56ELb0EEELi0E_1">
<pin_list>
<pin id="41" dir="1" index="0" bw="1" slack="0"/>
</pin_list>
<bind>
<StgValue><ssdm name="p_ZZ11sobel_accelRN3hls6streamINS_4axisI7ap_uintILi8EELm1ELm1ELm1ELh56ELb0EEELi0E_1"/></StgValue>
</bind>
</comp>

<comp id="42" class="1000" name="p_ZZ11sobel_accelRN3hls6streamINS_4axisI7ap_uintILi8EELm1ELm1ELm1ELh56ELb0EEELi0E">
<pin_list>
<pin id="43" dir="1" index="0" bw="1" slack="0"/>
</pin_list>
<bind>
<StgValue><ssdm name="p_ZZ11sobel_accelRN3hls6streamINS_4axisI7ap_uintILi8EELm1ELm1ELm1ELh56ELb0EEELi0E"/></StgValue>
</bind>
</comp>

<comp id="44" class="1001" name="const_44">
<pin_list>
<pin id="45" dir="1" index="0" bw="1" slack="0"/>
</pin_list>
<bind>
<StgValue><ssdm name="_ssdm_op_Read.s_axilite.i32"/></StgValue>
</bind>
</comp>

<comp id="46" class="1001" name="const_46">
<pin_list>
<pin id="47" dir="1" index="0" bw="1" slack="2147483647"/>
</pin_list>
<bind>
<StgValue><ssdm name="_ssdm_op_Wait"/></StgValue>
</bind>
</comp>

<comp id="48" class="1001" name="const_48">
<pin_list>
<pin id="49" dir="1" index="0" bw="1" slack="0"/>
</pin_list>
<bind>
<StgValue><ssdm name=""/></StgValue>
</bind>
</comp>

<comp id="50" class="1001" name="const_50">
<pin_list>
<pin id="51" dir="1" index="0" bw="1" slack="0"/>
</pin_list>
<bind>
<StgValue><ssdm name=""/></StgValue>
</bind>
</comp>

<comp id="52" class="1001" name="const_52">
<pin_list>
<pin id="53" dir="1" index="0" bw="1" slack="0"/>
</pin_list>
<bind>
<StgValue><ssdm name="sobel_accel_Pipeline_ROW_LOOP_COL_LOOP"/></StgValue>
</bind>
</comp>

<comp id="54" class="1001" name="const_54">
<pin_list>
<pin id="55" dir="1" index="0" bw="1" slack="2147483647"/>
</pin_list>
<bind>
<StgValue><ssdm name="_ssdm_op_SpecTopModule"/></StgValue>
</bind>
</comp>

<comp id="56" class="1001" name="const_56">
<pin_list>
<pin id="57" dir="1" index="0" bw="1" slack="2147483647"/>
</pin_list>
<bind>
<StgValue><ssdm name="empty_10"/></StgValue>
</bind>
</comp>

<comp id="58" class="1001" name="const_58">
<pin_list>
<pin id="59" dir="1" index="0" bw="1" slack="2147483647"/>
</pin_list>
<bind>
<StgValue><ssdm name="_ssdm_op_SpecInterface"/></StgValue>
</bind>
</comp>

<comp id="60" class="1001" name="const_60">
<pin_list>
<pin id="61" dir="1" index="0" bw="1" slack="2147483647"/>
</pin_list>
<bind>
<StgValue><ssdm name="empty"/></StgValue>
</bind>
</comp>

<comp id="62" class="1001" name="const_62">
<pin_list>
<pin id="63" dir="1" index="0" bw="1" slack="2147483647"/>
</pin_list>
<bind>
<StgValue><ssdm name=""/></StgValue>
</bind>
</comp>

<comp id="64" class="1001" name="const_64">
<pin_list>
<pin id="65" dir="1" index="0" bw="1" slack="2147483647"/>
</pin_list>
<bind>
<StgValue><ssdm name="empty_0"/></StgValue>
</bind>
</comp>

<comp id="66" class="1001" name="const_66">
<pin_list>
<pin id="67" dir="1" index="0" bw="1" slack="2147483647"/>
</pin_list>
<bind>
<StgValue><ssdm name="empty_1"/></StgValue>
</bind>
</comp>

<comp id="68" class="1001" name="const_68">
<pin_list>
<pin id="69" dir="1" index="0" bw="1" slack="2147483647"/>
</pin_list>
<bind>
<StgValue><ssdm name="_ssdm_op_SpecBitsMap"/></StgValue>
</bind>
</comp>

<comp id="70" class="1001" name="const_70">
<pin_list>
<pin id="71" dir="1" index="0" bw="1" slack="2147483647"/>
</pin_list>
<bind>
<StgValue><ssdm name="empty_2"/></StgValue>
</bind>
</comp>

<comp id="72" class="1001" name="const_72">
<pin_list>
<pin id="73" dir="1" index="0" bw="1" slack="2147483647"/>
</pin_list>
<bind>
<StgValue><ssdm name="empty_3"/></StgValue>
</bind>
</comp>

<comp id="74" class="1001" name="const_74">
<pin_list>
<pin id="75" dir="1" index="0" bw="1" slack="2147483647"/>
</pin_list>
<bind>
<StgValue><ssdm name="empty_4"/></StgValue>
</bind>
</comp>

<comp id="76" class="1001" name="const_76">
<pin_list>
<pin id="77" dir="1" index="0" bw="1" slack="2147483647"/>
</pin_list>
<bind>
<StgValue><ssdm name="empty_5"/></StgValue>
</bind>
</comp>

<comp id="78" class="1001" name="const_78">
<pin_list>
<pin id="79" dir="1" index="0" bw="1" slack="2147483647"/>
</pin_list>
<bind>
<StgValue><ssdm name="empty_6"/></StgValue>
</bind>
</comp>

<comp id="80" class="1001" name="const_80">
<pin_list>
<pin id="81" dir="1" index="0" bw="1" slack="2147483647"/>
</pin_list>
<bind>
<StgValue><ssdm name="empty_7"/></StgValue>
</bind>
</comp>

<comp id="82" class="1001" name="const_82">
<pin_list>
<pin id="83" dir="1" index="0" bw="1" slack="2147483647"/>
</pin_list>
<bind>
<StgValue><ssdm name="_ssdm_op_SpecAXISSideChannel"/></StgValue>
</bind>
</comp>

<comp id="84" class="1001" name="const_84">
<pin_list>
<pin id="85" dir="1" index="0" bw="1" slack="2147483647"/>
</pin_list>
<bind>
<StgValue><ssdm name="empty_8"/></StgValue>
</bind>
</comp>

<comp id="86" class="1001" name="const_86">
<pin_list>
<pin id="87" dir="1" index="0" bw="1" slack="2147483647"/>
</pin_list>
<bind>
<StgValue><ssdm name="empty_9"/></StgValue>
</bind>
</comp>

<comp id="88" class="1004" name="threshold_read_read_fu_88">
<pin_list>
<pin id="89" dir="0" index="0" bw="32" slack="0"/>
<pin id="90" dir="0" index="1" bw="32" slack="0"/>
<pin id="91" dir="1" index="2" bw="32" slack="0"/>
</pin_list>
<bind>
<opcode="read(1150) " fcode="read"/>
<opset="threshold_read/1 "/>
</bind>
</comp>

<comp id="94" class="1004" name="height_read_read_fu_94">
<pin_list>
<pin id="95" dir="0" index="0" bw="32" slack="0"/>
<pin id="96" dir="0" index="1" bw="32" slack="0"/>
<pin id="97" dir="1" index="2" bw="32" slack="1"/>
</pin_list>
<bind>
<opcode="read(1150) " fcode="read"/>
<opset="height_read/1 "/>
</bind>
</comp>

<comp id="100" class="1004" name="width_read_read_fu_100">
<pin_list>
<pin id="101" dir="0" index="0" bw="32" slack="0"/>
<pin id="102" dir="0" index="1" bw="32" slack="0"/>
<pin id="103" dir="1" index="2" bw="32" slack="1"/>
</pin_list>
<bind>
<opcode="read(1150) " fcode="read"/>
<opset="width_read/1 "/>
</bind>
</comp>

<comp id="106" class="1004" name="grp_sobel_accel_Pipeline_ROW_LOOP_COL_LOOP_fu_106">
<pin_list>
<pin id="107" dir="0" index="0" bw="0" slack="0"/>
<pin id="108" dir="0" index="1" bw="64" slack="1"/>
<pin id="109" dir="0" index="2" bw="1" slack="0"/>
<pin id="110" dir="0" index="3" bw="32" slack="0"/>
<pin id="111" dir="0" index="4" bw="8" slack="0"/>
<pin id="112" dir="0" index="5" bw="1" slack="0"/>
<pin id="113" dir="0" index="6" bw="1" slack="0"/>
<pin id="114" dir="0" index="7" bw="1" slack="0"/>
<pin id="115" dir="0" index="8" bw="1" slack="0"/>
<pin id="116" dir="0" index="9" bw="1" slack="0"/>
<pin id="117" dir="0" index="10" bw="1" slack="0"/>
<pin id="118" dir="0" index="11" bw="16" slack="2"/>
<pin id="119" dir="0" index="12" bw="32" slack="0"/>
<pin id="120" dir="0" index="13" bw="8" slack="0"/>
<pin id="121" dir="0" index="14" bw="1" slack="0"/>
<pin id="122" dir="0" index="15" bw="1" slack="0"/>
<pin id="123" dir="0" index="16" bw="1" slack="0"/>
<pin id="124" dir="0" index="17" bw="1" slack="0"/>
<pin id="125" dir="0" index="18" bw="1" slack="0"/>
<pin id="126" dir="0" index="19" bw="1" slack="0"/>
<pin id="127" dir="0" index="20" bw="32" slack="2"/>
<pin id="128" dir="0" index="21" bw="8" slack="0"/>
<pin id="129" dir="0" index="22" bw="8" slack="0"/>
<pin id="130" dir="0" index="23" bw="8" slack="0"/>
<pin id="131" dir="0" index="24" bw="8" slack="0"/>
<pin id="132" dir="0" index="25" bw="8" slack="0"/>
<pin id="133" dir="1" index="26" bw="0" slack="2147483647"/>
</pin_list>
<bind>
<opcode="call(48) " fcode="call"/>
<opset="call_ln6/3 "/>
</bind>
</comp>

<comp id="154" class="1004" name="mul_ln6_fu_154">
<pin_list>
<pin id="155" dir="0" index="0" bw="32" slack="0"/>
<pin id="156" dir="0" index="1" bw="32" slack="0"/>
<pin id="157" dir="1" index="2" bw="64" slack="1"/>
</pin_list>
<bind>
<opcode="mul(12) " fcode="mul"/>
<opset="mul_ln6/2 "/>
</bind>
</comp>

<comp id="158" class="1004" name="empty_fu_158">
<pin_list>
<pin id="159" dir="0" index="0" bw="32" slack="0"/>
<pin id="160" dir="1" index="1" bw="16" slack="2"/>
</pin_list>
<bind>
<opcode="trunc(33) " fcode="trunc"/>
<opset="empty/1 "/>
</bind>
</comp>

<comp id="162" class="1004" name="zext_ln6_fu_162">
<pin_list>
<pin id="163" dir="0" index="0" bw="32" slack="1"/>
<pin id="164" dir="1" index="1" bw="64" slack="0"/>
</pin_list>
<bind>
<opcode="zext(34) " fcode="zext"/>
<opset="zext_ln6/2 "/>
</bind>
</comp>

<comp id="166" class="1004" name="zext_ln6_1_fu_166">
<pin_list>
<pin id="167" dir="0" index="0" bw="32" slack="1"/>
<pin id="168" dir="1" index="1" bw="64" slack="0"/>
</pin_list>
<bind>
<opcode="zext(34) " fcode="zext"/>
<opset="zext_ln6_1/2 "/>
</bind>
</comp>

<comp id="170" class="1004" name="sub104_fu_170">
<pin_list>
<pin id="171" dir="0" index="0" bw="32" slack="2"/>
<pin id="172" dir="0" index="1" bw="1" slack="0"/>
<pin id="173" dir="1" index="2" bw="32" slack="0"/>
</pin_list>
<bind>
<opcode="add(8) " fcode="add"/>
<opset="sub104/3 "/>
</bind>
</comp>

<comp id="176" class="1004" name="sub107_fu_176">
<pin_list>
<pin id="177" dir="0" index="0" bw="32" slack="2"/>
<pin id="178" dir="0" index="1" bw="1" slack="0"/>
<pin id="179" dir="1" index="2" bw="32" slack="0"/>
</pin_list>
<bind>
<opcode="add(8) " fcode="add"/>
<opset="sub107/3 "/>
</bind>
</comp>

<comp id="182" class="1004" name="cmp2139_fu_182">
<pin_list>
<pin id="183" dir="0" index="0" bw="32" slack="2"/>
<pin id="184" dir="0" index="1" bw="32" slack="0"/>
<pin id="185" dir="1" index="2" bw="1" slack="0"/>
</pin_list>
<bind>
<opcode="icmp(45) " fcode="icmp"/>
<opset="cmp2139/3 "/>
</bind>
</comp>

<comp id="188" class="1005" name="height_read_reg_188">
<pin_list>
<pin id="189" dir="0" index="0" bw="32" slack="1"/>
<pin id="190" dir="1" index="1" bw="32" slack="1"/>
</pin_list>
<bind>
<opset="height_read "/>
</bind>
</comp>

<comp id="194" class="1005" name="width_read_reg_194">
<pin_list>
<pin id="195" dir="0" index="0" bw="32" slack="1"/>
<pin id="196" dir="1" index="1" bw="32" slack="1"/>
</pin_list>
<bind>
<opset="width_read "/>
</bind>
</comp>

<comp id="202" class="1005" name="empty_reg_202">
<pin_list>
<pin id="203" dir="0" index="0" bw="16" slack="2"/>
<pin id="204" dir="1" index="1" bw="16" slack="2"/>
</pin_list>
<bind>
<opset="empty "/>
</bind>
</comp>

<comp id="207" class="1005" name="mul_ln6_reg_207">
<pin_list>
<pin id="208" dir="0" index="0" bw="64" slack="1"/>
<pin id="209" dir="1" index="1" bw="64" slack="1"/>
</pin_list>
<bind>
<opset="mul_ln6 "/>
</bind>
</comp>

<comp id="212" class="1005" name="sub104_reg_212">
<pin_list>
<pin id="213" dir="0" index="0" bw="32" slack="1"/>
<pin id="214" dir="1" index="1" bw="32" slack="1"/>
</pin_list>
<bind>
<opset="sub104 "/>
</bind>
</comp>

<comp id="217" class="1005" name="sub107_reg_217">
<pin_list>
<pin id="218" dir="0" index="0" bw="32" slack="1"/>
<pin id="219" dir="1" index="1" bw="32" slack="1"/>
</pin_list>
<bind>
<opset="sub107 "/>
</bind>
</comp>

<comp id="222" class="1005" name="cmp2139_reg_222">
<pin_list>
<pin id="223" dir="0" index="0" bw="1" slack="1"/>
<pin id="224" dir="1" index="1" bw="1" slack="1"/>
</pin_list>
<bind>
<opset="cmp2139 "/>
</bind>
</comp>

</comp_list>

<net_list>
<net id="92"><net_src comp="44" pin="0"/><net_sink comp="88" pin=0"/></net>

<net id="93"><net_src comp="32" pin="0"/><net_sink comp="88" pin=1"/></net>

<net id="98"><net_src comp="44" pin="0"/><net_sink comp="94" pin=0"/></net>

<net id="99"><net_src comp="30" pin="0"/><net_sink comp="94" pin=1"/></net>

<net id="104"><net_src comp="44" pin="0"/><net_sink comp="100" pin=0"/></net>

<net id="105"><net_src comp="28" pin="0"/><net_sink comp="100" pin=1"/></net>

<net id="134"><net_src comp="52" pin="0"/><net_sink comp="106" pin=0"/></net>

<net id="135"><net_src comp="0" pin="0"/><net_sink comp="106" pin=4"/></net>

<net id="136"><net_src comp="2" pin="0"/><net_sink comp="106" pin=5"/></net>

<net id="137"><net_src comp="4" pin="0"/><net_sink comp="106" pin=6"/></net>

<net id="138"><net_src comp="6" pin="0"/><net_sink comp="106" pin=7"/></net>

<net id="139"><net_src comp="8" pin="0"/><net_sink comp="106" pin=8"/></net>

<net id="140"><net_src comp="10" pin="0"/><net_sink comp="106" pin=9"/></net>

<net id="141"><net_src comp="12" pin="0"/><net_sink comp="106" pin=10"/></net>

<net id="142"><net_src comp="14" pin="0"/><net_sink comp="106" pin=13"/></net>

<net id="143"><net_src comp="16" pin="0"/><net_sink comp="106" pin=14"/></net>

<net id="144"><net_src comp="18" pin="0"/><net_sink comp="106" pin=15"/></net>

<net id="145"><net_src comp="20" pin="0"/><net_sink comp="106" pin=16"/></net>

<net id="146"><net_src comp="22" pin="0"/><net_sink comp="106" pin=17"/></net>

<net id="147"><net_src comp="24" pin="0"/><net_sink comp="106" pin=18"/></net>

<net id="148"><net_src comp="26" pin="0"/><net_sink comp="106" pin=19"/></net>

<net id="149"><net_src comp="34" pin="0"/><net_sink comp="106" pin=21"/></net>

<net id="150"><net_src comp="36" pin="0"/><net_sink comp="106" pin=22"/></net>

<net id="151"><net_src comp="38" pin="0"/><net_sink comp="106" pin=23"/></net>

<net id="152"><net_src comp="40" pin="0"/><net_sink comp="106" pin=24"/></net>

<net id="153"><net_src comp="42" pin="0"/><net_sink comp="106" pin=25"/></net>

<net id="161"><net_src comp="88" pin="2"/><net_sink comp="158" pin=0"/></net>

<net id="165"><net_src comp="162" pin="1"/><net_sink comp="154" pin=0"/></net>

<net id="169"><net_src comp="166" pin="1"/><net_sink comp="154" pin=1"/></net>

<net id="174"><net_src comp="48" pin="0"/><net_sink comp="170" pin=1"/></net>

<net id="175"><net_src comp="170" pin="2"/><net_sink comp="106" pin=3"/></net>

<net id="180"><net_src comp="48" pin="0"/><net_sink comp="176" pin=1"/></net>

<net id="181"><net_src comp="176" pin="2"/><net_sink comp="106" pin=12"/></net>

<net id="186"><net_src comp="50" pin="0"/><net_sink comp="182" pin=1"/></net>

<net id="187"><net_src comp="182" pin="2"/><net_sink comp="106" pin=2"/></net>

<net id="191"><net_src comp="94" pin="2"/><net_sink comp="188" pin=0"/></net>

<net id="192"><net_src comp="188" pin="1"/><net_sink comp="162" pin=0"/></net>

<net id="193"><net_src comp="188" pin="1"/><net_sink comp="170" pin=0"/></net>

<net id="197"><net_src comp="100" pin="2"/><net_sink comp="194" pin=0"/></net>

<net id="198"><net_src comp="194" pin="1"/><net_sink comp="166" pin=0"/></net>

<net id="199"><net_src comp="194" pin="1"/><net_sink comp="176" pin=0"/></net>

<net id="200"><net_src comp="194" pin="1"/><net_sink comp="182" pin=0"/></net>

<net id="201"><net_src comp="194" pin="1"/><net_sink comp="106" pin=20"/></net>

<net id="205"><net_src comp="158" pin="1"/><net_sink comp="202" pin=0"/></net>

<net id="206"><net_src comp="202" pin="1"/><net_sink comp="106" pin=11"/></net>

<net id="210"><net_src comp="154" pin="2"/><net_sink comp="207" pin=0"/></net>

<net id="211"><net_src comp="207" pin="1"/><net_sink comp="106" pin=1"/></net>

<net id="215"><net_src comp="170" pin="2"/><net_sink comp="212" pin=0"/></net>

<net id="216"><net_src comp="212" pin="1"/><net_sink comp="106" pin=3"/></net>

<net id="220"><net_src comp="176" pin="2"/><net_sink comp="217" pin=0"/></net>

<net id="221"><net_src comp="217" pin="1"/><net_sink comp="106" pin=12"/></net>

<net id="225"><net_src comp="182" pin="2"/><net_sink comp="222" pin=0"/></net>

<net id="226"><net_src comp="222" pin="1"/><net_sink comp="106" pin=2"/></net>

</net_list>

</model> 
---------------- Datapath Model END ------------------

* FSMD analyzer results:
  - Output states:
	Port: out_stream_V_data_V | {3 4 }
	Port: out_stream_V_keep_V | {3 4 }
	Port: out_stream_V_strb_V | {3 4 }
	Port: out_stream_V_user_V | {3 4 }
	Port: out_stream_V_last_V | {3 4 }
	Port: out_stream_V_id_V | {3 4 }
	Port: out_stream_V_dest_V | {3 4 }
	Port: sobel_accel_stream_stream_axis_0_int_int_int_line_buf_1 | {3 4 }
	Port: sobel_accel_stream_stream_axis_0_int_int_int_line_buf | {3 4 }
	Port: p_ZZ11sobel_accelRN3hls6streamINS_4axisI7ap_uintILi8EELm1ELm1ELm1ELh56ELb0EEELi0E_2 | {3 4 }
	Port: p_ZZ11sobel_accelRN3hls6streamINS_4axisI7ap_uintILi8EELm1ELm1ELm1ELh56ELb0EEELi0E_1 | {3 4 }
	Port: p_ZZ11sobel_accelRN3hls6streamINS_4axisI7ap_uintILi8EELm1ELm1ELm1ELh56ELb0EEELi0E | {3 4 }
 - Input state : 
	Port: sobel_accel : in_stream_V_data_V | {3 4 }
	Port: sobel_accel : in_stream_V_keep_V | {3 4 }
	Port: sobel_accel : in_stream_V_strb_V | {3 4 }
	Port: sobel_accel : in_stream_V_user_V | {3 4 }
	Port: sobel_accel : in_stream_V_last_V | {3 4 }
	Port: sobel_accel : in_stream_V_id_V | {3 4 }
	Port: sobel_accel : in_stream_V_dest_V | {3 4 }
	Port: sobel_accel : width | {1 }
	Port: sobel_accel : height | {1 }
	Port: sobel_accel : threshold | {1 }
	Port: sobel_accel : sobel_accel_stream_stream_axis_0_int_int_int_line_buf_1 | {3 4 }
	Port: sobel_accel : sobel_accel_stream_stream_axis_0_int_int_int_line_buf | {3 4 }
	Port: sobel_accel : p_ZZ11sobel_accelRN3hls6streamINS_4axisI7ap_uintILi8EELm1ELm1ELm1ELh56ELb0EEELi0E_2 | {3 4 }
	Port: sobel_accel : p_ZZ11sobel_accelRN3hls6streamINS_4axisI7ap_uintILi8EELm1ELm1ELm1ELh56ELb0EEELi0E_1 | {3 4 }
	Port: sobel_accel : p_ZZ11sobel_accelRN3hls6streamINS_4axisI7ap_uintILi8EELm1ELm1ELm1ELh56ELb0EEELi0E | {3 4 }
  - Chain level:
	State 1
	State 2
		mul_ln6 : 1
	State 3
		call_ln6 : 1
	State 4
	State 5


============================================================
+ Verbose Summary: Datapath Resource usage 
============================================================

* Functional unit list:
|----------|---------------------------------------------------|---------|---------|---------|---------|
| Operation|                  Functional Unit                  |   DSP   |  Delay  |    FF   |   LUT   |
|----------|---------------------------------------------------|---------|---------|---------|---------|
|   call   | grp_sobel_accel_Pipeline_ROW_LOOP_COL_LOOP_fu_106 |    0    |  3.176  |   666   |   854   |
|----------|---------------------------------------------------|---------|---------|---------|---------|
|    add   |                   sub104_fu_170                   |    0    |    0    |    0    |    39   |
|          |                   sub107_fu_176                   |    0    |    0    |    0    |    39   |
|----------|---------------------------------------------------|---------|---------|---------|---------|
|   icmp   |                   cmp2139_fu_182                  |    0    |    0    |    0    |    39   |
|----------|---------------------------------------------------|---------|---------|---------|---------|
|    mul   |                   mul_ln6_fu_154                  |    4    |    0    |    0    |    20   |
|----------|---------------------------------------------------|---------|---------|---------|---------|
|          |             threshold_read_read_fu_88             |    0    |    0    |    0    |    0    |
|   read   |               height_read_read_fu_94              |    0    |    0    |    0    |    0    |
|          |               width_read_read_fu_100              |    0    |    0    |    0    |    0    |
|----------|---------------------------------------------------|---------|---------|---------|---------|
|   trunc  |                    empty_fu_158                   |    0    |    0    |    0    |    0    |
|----------|---------------------------------------------------|---------|---------|---------|---------|
|   zext   |                  zext_ln6_fu_162                  |    0    |    0    |    0    |    0    |
|          |                 zext_ln6_1_fu_166                 |    0    |    0    |    0    |    0    |
|----------|---------------------------------------------------|---------|---------|---------|---------|
|   Total  |                                                   |    4    |  3.176  |   666   |   991   |
|----------|---------------------------------------------------|---------|---------|---------|---------|

Memories:
+-------------------------------------------------------+--------+--------+--------+--------+
|                                                       |  BRAM  |   FF   |   LUT  |  URAM  |
+-------------------------------------------------------+--------+--------+--------+--------+
| sobel_accel_stream_stream_axis_0_int_int_int_line_buf |    1   |    0   |    0   |    0   |
|sobel_accel_stream_stream_axis_0_int_int_int_line_buf_1|    1   |    0   |    0   |    0   |
+-------------------------------------------------------+--------+--------+--------+--------+
|                         Total                         |    2   |    0   |    0   |    0   |
+-------------------------------------------------------+--------+--------+--------+--------+

* Register list:
+-------------------+--------+
|                   |   FF   |
+-------------------+--------+
|  cmp2139_reg_222  |    1   |
|   empty_reg_202   |   16   |
|height_read_reg_188|   32   |
|  mul_ln6_reg_207  |   64   |
|   sub104_reg_212  |   32   |
|   sub107_reg_217  |   32   |
| width_read_reg_194|   32   |
+-------------------+--------+
|       Total       |   209  |
+-------------------+--------+

* Multiplexer (MUX) list: 
|---------------------------------------------------|------|------|------|--------||---------||---------||---------|
|                        Comp                       |  Pin | Size |  BW  | S x BW ||  Delay  ||    FF   ||   LUT   |
|---------------------------------------------------|------|------|------|--------||---------||---------||---------|
| grp_sobel_accel_Pipeline_ROW_LOOP_COL_LOOP_fu_106 |  p2  |   2  |   1  |    2   ||    0    ||    9    |
| grp_sobel_accel_Pipeline_ROW_LOOP_COL_LOOP_fu_106 |  p3  |   2  |  32  |   64   ||    0    ||    9    |
| grp_sobel_accel_Pipeline_ROW_LOOP_COL_LOOP_fu_106 |  p12 |   2  |  32  |   64   ||    0    ||    9    |
|---------------------------------------------------|------|------|------|--------||---------||---------||---------|
|                       Total                       |      |      |      |   130  ||  4.764  ||    0    ||    27   |
|---------------------------------------------------|------|------|------|--------||---------||---------||---------|



* Summary:
+-----------+--------+--------+--------+--------+--------+--------+
|           |  BRAM  |   DSP  |  Delay |   FF   |   LUT  |  URAM  |
+-----------+--------+--------+--------+--------+--------+--------+
|  Function |    -   |    4   |    3   |   666  |   991  |    -   |
|   Memory  |    2   |    -   |    -   |    0   |    0   |    0   |
|Multiplexer|    -   |    -   |    4   |    0   |   27   |    -   |
|  Register |    -   |    -   |    -   |   209  |    -   |    -   |
+-----------+--------+--------+--------+--------+--------+--------+
|   Total   |    2   |    4   |    7   |   875  |  1018  |    0   |
+-----------+--------+--------+--------+--------+--------+--------+
