

================================================================
== Vitis HLS Report for 'sobel_accel_Pipeline_ROW_LOOP_COL_LOOP'
================================================================
* Date:           Mon May 11 03:51:25 2026

* Version:        2024.1 (Build 5069499 on May 21 2024)
* Project:        sobel_hls
* Solution:       solution1 (Vivado IP Flow Target)
* Product family: zynq
* Target device:  xc7z020-clg400-1


================================================================
== Performance Estimates
================================================================
+ Timing: 
    * Summary: 
    +--------+----------+----------+------------+
    |  Clock |  Target  | Estimated| Uncertainty|
    +--------+----------+----------+------------+
    |ap_clk  |  10.00 ns|  7.921 ns|     1.25 ns|
    +--------+----------+----------+------------+

+ Latency: 
    * Summary: 
    +---------+---------+----------+----------+-----+-----+-----------------------------------------------+
    |  Latency (cycles) |  Latency (absolute) |  Interval |                    Pipeline                   |
    |   min   |   max   |    min   |    max   | min | max |                      Type                     |
    +---------+---------+----------+----------+-----+-----+-----------------------------------------------+
    |        ?|        ?|         ?|         ?|    0|    0|  loop auto-rewind stp(delay=0 clock cycles(s))|
    +---------+---------+----------+----------+-----+-----+-----------------------------------------------+

    + Detail: 
        * Instance: 
        N/A

        * Loop: 
        +---------------------+---------+---------+----------+-----------+-----------+------+----------+
        |                     |  Latency (cycles) | Iteration|  Initiation Interval  | Trip |          |
        |      Loop Name      |   min   |   max   |  Latency |  achieved |   target  | Count| Pipelined|
        +---------------------+---------+---------+----------+-----------+-----------+------+----------+
        |- ROW_LOOP_COL_LOOP  |        ?|        ?|         4|          1|          1|     ?|       yes|
        +---------------------+---------+---------+----------+-----------+-----------+------+----------+

============================================================
+ Verbose Summary: Synthesis Manager
============================================================
InlineROM: 1
ExposeGlobal: 0
============================================================
+ Verbose Summary: CDFG Model
============================================================
IsTopModel: 0
ResetActiveHigh: 1
IsCombinational: 0
IsDatapathOnly: 0
HasWiredReturn: 1
HasMFsm: 2
HasVarLatency: 1
IsPipeline: 0
IsRtlPipelined: 0
IsInstanceOverlapped: 0
IsDontTouch: 0
HasImplIP: 0
IsGatedGlobalClock: 0

+ Individual pipeline summary: 
  * Pipeline-0: initiation interval (II) = 1, depth = 5


============================================================
+ Verbose Summary: Schedule
============================================================
* Number of FSM states : 5
* Pipeline : 1
  Pipeline-0 : II = 1, D = 5, States = { 1 2 3 4 5 }
* Dataflow Pipeline: 0

* FSM state transitions: 
1 --> 2 
2 --> 3 
3 --> 4 
4 --> 5 
5 --> 

* FSM state operations: 

State 1 <SV = 0> <Delay = 1.58>
ST_1 : Operation 7 [1/1] (0.00ns)   --->   "%reuse_addr_reg38 = alloca i32 1"   --->   Operation 7 'alloca' 'reuse_addr_reg38' <Predicate = true> <Delay = 0.00>
ST_1 : Operation 8 [1/1] (0.00ns)   --->   "%reuse_reg37 = alloca i32 1"   --->   Operation 8 'alloca' 'reuse_reg37' <Predicate = true> <Delay = 0.00>
ST_1 : Operation 9 [1/1] (0.00ns)   --->   "%reuse_addr_reg = alloca i32 1"   --->   Operation 9 'alloca' 'reuse_addr_reg' <Predicate = true> <Delay = 0.00>
ST_1 : Operation 10 [1/1] (0.00ns)   --->   "%reuse_reg = alloca i32 1"   --->   Operation 10 'alloca' 'reuse_reg' <Predicate = true> <Delay = 0.00>
ST_1 : Operation 11 [1/1] (0.00ns)   --->   "%x = alloca i32 1" [sobel_accel.cpp:30]   --->   Operation 11 'alloca' 'x' <Predicate = true> <Delay = 0.00>
ST_1 : Operation 12 [1/1] (0.00ns)   --->   "%y = alloca i32 1" [sobel_accel.cpp:29]   --->   Operation 12 'alloca' 'y' <Predicate = true> <Delay = 0.00>
ST_1 : Operation 13 [1/1] (0.00ns)   --->   "%indvar_flatten = alloca i32 1"   --->   Operation 13 'alloca' 'indvar_flatten' <Predicate = true> <Delay = 0.00>
ST_1 : Operation 14 [1/1] (0.00ns)   --->   "%empty_18 = alloca i32 1"   --->   Operation 14 'alloca' 'empty_18' <Predicate = true> <Delay = 0.00>
ST_1 : Operation 15 [1/1] (0.00ns)   --->   "%empty_19 = alloca i32 1"   --->   Operation 15 'alloca' 'empty_19' <Predicate = true> <Delay = 0.00>
ST_1 : Operation 16 [1/1] (0.00ns)   --->   "%empty_20 = alloca i32 1"   --->   Operation 16 'alloca' 'empty_20' <Predicate = true> <Delay = 0.00>
ST_1 : Operation 17 [1/1] (0.00ns)   --->   "%empty_21 = alloca i32 1"   --->   Operation 17 'alloca' 'empty_21' <Predicate = true> <Delay = 0.00>
ST_1 : Operation 18 [1/1] (0.00ns)   --->   "%empty_22 = alloca i32 1"   --->   Operation 18 'alloca' 'empty_22' <Predicate = true> <Delay = 0.00>
ST_1 : Operation 19 [1/1] (0.00ns)   --->   "%empty_23 = alloca i32 1"   --->   Operation 19 'alloca' 'empty_23' <Predicate = true> <Delay = 0.00>
ST_1 : Operation 20 [1/1] (0.00ns)   --->   "%specaxissidechannel_ln0 = specaxissidechannel void @_ssdm_op_SpecAXISSideChannel, i8 %out_stream_V_data_V, i1 %out_stream_V_keep_V, i1 %out_stream_V_strb_V, i1 %out_stream_V_user_V, i1 %out_stream_V_last_V, i1 %out_stream_V_id_V, i1 %out_stream_V_dest_V, void @empty_8"   --->   Operation 20 'specaxissidechannel' 'specaxissidechannel_ln0' <Predicate = true> <Delay = 0.00>
ST_1 : Operation 21 [1/1] (0.00ns)   --->   "%specaxissidechannel_ln0 = specaxissidechannel void @_ssdm_op_SpecAXISSideChannel, i8 %in_stream_V_data_V, i1 %in_stream_V_keep_V, i1 %in_stream_V_strb_V, i1 %in_stream_V_user_V, i1 %in_stream_V_last_V, i1 %in_stream_V_id_V, i1 %in_stream_V_dest_V, void @empty_9"   --->   Operation 21 'specaxissidechannel' 'specaxissidechannel_ln0' <Predicate = true> <Delay = 0.00>
ST_1 : Operation 22 [1/1] (0.00ns)   --->   "%specinterface_ln0 = specinterface void @_ssdm_op_SpecInterface, i1 %out_stream_V_dest_V, i1 %out_stream_V_id_V, i1 %out_stream_V_last_V, i1 %out_stream_V_user_V, i1 %out_stream_V_strb_V, i1 %out_stream_V_keep_V, i8 %out_stream_V_data_V, void @empty, i32 0, i32 0, void @empty_0, i32 0, i32 0, void @empty_1, void @empty_1, void @empty_1, i32 0, i32 0, i32 0, i32 0, void @empty_1, void @empty_1, i32 4294967295, i32 0, i32 0"   --->   Operation 22 'specinterface' 'specinterface_ln0' <Predicate = true> <Delay = 0.00>
ST_1 : Operation 23 [1/1] (0.00ns)   --->   "%specinterface_ln0 = specinterface void @_ssdm_op_SpecInterface, i1 %in_stream_V_dest_V, i1 %in_stream_V_id_V, i1 %in_stream_V_last_V, i1 %in_stream_V_user_V, i1 %in_stream_V_strb_V, i1 %in_stream_V_keep_V, i8 %in_stream_V_data_V, void @empty, i32 0, i32 0, void @empty_0, i32 0, i32 0, void @empty_1, void @empty_1, void @empty_1, i32 0, i32 0, i32 0, i32 0, void @empty_1, void @empty_1, i32 4294967295, i32 0, i32 0"   --->   Operation 23 'specinterface' 'specinterface_ln0' <Predicate = true> <Delay = 0.00>
ST_1 : Operation 24 [1/1] (0.00ns)   --->   "%width_read = read i32 @_ssdm_op_Read.ap_auto.i32, i32 %width"   --->   Operation 24 'read' 'width_read' <Predicate = true> <Delay = 0.00>
ST_1 : Operation 25 [1/1] (0.00ns)   --->   "%sub107_read = read i32 @_ssdm_op_Read.ap_auto.i32, i32 %sub107"   --->   Operation 25 'read' 'sub107_read' <Predicate = true> <Delay = 0.00>
ST_1 : Operation 26 [1/1] (0.00ns)   --->   "%tmp_2 = read i16 @_ssdm_op_Read.ap_auto.i16, i16 %empty"   --->   Operation 26 'read' 'tmp_2' <Predicate = true> <Delay = 0.00>
ST_1 : Operation 27 [1/1] (0.00ns)   --->   "%sub104_read = read i32 @_ssdm_op_Read.ap_auto.i32, i32 %sub104"   --->   Operation 27 'read' 'sub104_read' <Predicate = true> <Delay = 0.00>
ST_1 : Operation 28 [1/1] (0.00ns)   --->   "%cmp2139_read = read i1 @_ssdm_op_Read.ap_auto.i1, i1 %cmp2139"   --->   Operation 28 'read' 'cmp2139_read' <Predicate = true> <Delay = 0.00>
ST_1 : Operation 29 [1/1] (0.00ns)   --->   "%mul_ln6_read = read i64 @_ssdm_op_Read.ap_auto.i64, i64 %mul_ln6"   --->   Operation 29 'read' 'mul_ln6_read' <Predicate = true> <Delay = 0.00>
ST_1 : Operation 30 [1/1] (1.58ns)   --->   "%store_ln0 = store i64 0, i64 %indvar_flatten"   --->   Operation 30 'store' 'store_ln0' <Predicate = true> <Delay = 1.58>
ST_1 : Operation 31 [1/1] (1.58ns)   --->   "%store_ln29 = store i31 0, i31 %y" [sobel_accel.cpp:29]   --->   Operation 31 'store' 'store_ln29' <Predicate = true> <Delay = 1.58>
ST_1 : Operation 32 [1/1] (1.58ns)   --->   "%store_ln30 = store i11 0, i11 %x" [sobel_accel.cpp:30]   --->   Operation 32 'store' 'store_ln30' <Predicate = true> <Delay = 1.58>
ST_1 : Operation 33 [1/1] (1.58ns)   --->   "%store_ln0 = store i8 0, i8 %reuse_reg"   --->   Operation 33 'store' 'store_ln0' <Predicate = true> <Delay = 1.58>
ST_1 : Operation 34 [1/1] (1.58ns)   --->   "%store_ln0 = store i64 18446744073709551615, i64 %reuse_addr_reg"   --->   Operation 34 'store' 'store_ln0' <Predicate = true> <Delay = 1.58>
ST_1 : Operation 35 [1/1] (1.58ns)   --->   "%store_ln0 = store i8 0, i8 %reuse_reg37"   --->   Operation 35 'store' 'store_ln0' <Predicate = true> <Delay = 1.58>
ST_1 : Operation 36 [1/1] (1.58ns)   --->   "%store_ln0 = store i64 18446744073709551615, i64 %reuse_addr_reg38"   --->   Operation 36 'store' 'store_ln0' <Predicate = true> <Delay = 1.58>
ST_1 : Operation 37 [1/1] (0.00ns)   --->   "%br_ln29 = br void %VITIS_LOOP_38_1" [sobel_accel.cpp:29]   --->   Operation 37 'br' 'br_ln29' <Predicate = true> <Delay = 0.00>

State 2 <SV = 1> <Delay = 6.81>
ST_2 : Operation 38 [1/1] (0.00ns)   --->   "%indvar_flatten_load = load i64 %indvar_flatten" [sobel_accel.cpp:29]   --->   Operation 38 'load' 'indvar_flatten_load' <Predicate = true> <Delay = 0.00>
ST_2 : Operation 39 [1/1] (3.52ns)   --->   "%icmp_ln29 = icmp_eq  i64 %indvar_flatten_load, i64 %mul_ln6_read" [sobel_accel.cpp:29]   --->   Operation 39 'icmp' 'icmp_ln29' <Predicate = true> <Delay = 3.52> <CoreInst = "Cmp">   --->   Core 9 'Cmp' <Latency = 0> <II = 1> <Delay = 3.52> <FuncUnit> <Opcode : 'seteq' 'setne' 'setle' 'setge' 'setlt' 'setgt'> <InPorts = 2> <OutPorts = 1>
ST_2 : Operation 40 [1/1] (0.00ns)   --->   "%br_ln29 = br i1 %icmp_ln29, void %for.inc118.loopexit, void %for.end120.loopexit.exitStub" [sobel_accel.cpp:29]   --->   Operation 40 'br' 'br_ln29' <Predicate = true> <Delay = 0.00>
ST_2 : Operation 41 [1/1] (0.00ns)   --->   "%x_load = load i11 %x" [sobel_accel.cpp:30]   --->   Operation 41 'load' 'x_load' <Predicate = (!icmp_ln29)> <Delay = 0.00>
ST_2 : Operation 42 [1/1] (0.00ns)   --->   "%y_load = load i31 %y" [sobel_accel.cpp:29]   --->   Operation 42 'load' 'y_load' <Predicate = (!icmp_ln29)> <Delay = 0.00>
ST_2 : Operation 43 [1/1] (0.00ns)   --->   "%zext_ln30_1 = zext i11 %x_load" [sobel_accel.cpp:30]   --->   Operation 43 'zext' 'zext_ln30_1' <Predicate = (!icmp_ln29)> <Delay = 0.00>
ST_2 : Operation 44 [1/1] (2.55ns)   --->   "%icmp_ln30 = icmp_slt  i32 %zext_ln30_1, i32 %width_read" [sobel_accel.cpp:30]   --->   Operation 44 'icmp' 'icmp_ln30' <Predicate = (!icmp_ln29)> <Delay = 2.55> <CoreInst = "Cmp">   --->   Core 9 'Cmp' <Latency = 0> <II = 1> <Delay = 2.55> <FuncUnit> <Opcode : 'seteq' 'setne' 'setle' 'setge' 'setlt' 'setgt'> <InPorts = 2> <OutPorts = 1>
ST_2 : Operation 45 [1/1] (3.52ns)   --->   "%add_ln29 = add i64 %indvar_flatten_load, i64 1" [sobel_accel.cpp:29]   --->   Operation 45 'add' 'add_ln29' <Predicate = (!icmp_ln29)> <Delay = 3.52> <CoreInst = "Adder">   --->   Core 1 'Adder' <Latency = 0> <II = 1> <Delay = 3.52> <FuncUnit> <Opcode : 'add' 'sub'> <InPorts = 2> <OutPorts = 1>
ST_2 : Operation 46 [1/1] (0.69ns)   --->   "%select_ln29 = select i1 %icmp_ln30, i11 %x_load, i11 0" [sobel_accel.cpp:29]   --->   Operation 46 'select' 'select_ln29' <Predicate = (!icmp_ln29)> <Delay = 0.69> <CoreInst = "Sel">   --->   Core 73 'Sel' <Latency = 0> <II = 1> <Delay = 0.69> <FuncUnit> <Opcode : 'select'> <InPorts = 3> <OutPorts = 1>
ST_2 : Operation 47 [1/1] (2.52ns)   --->   "%add_ln29_1 = add i31 %y_load, i31 1" [sobel_accel.cpp:29]   --->   Operation 47 'add' 'add_ln29_1' <Predicate = (!icmp_ln29)> <Delay = 2.52> <CoreInst = "Adder">   --->   Core 1 'Adder' <Latency = 0> <II = 1> <Delay = 2.52> <FuncUnit> <Opcode : 'add' 'sub'> <InPorts = 2> <OutPorts = 1>
ST_2 : Operation 48 [1/1] (0.73ns)   --->   "%select_ln29_1 = select i1 %icmp_ln30, i31 %y_load, i31 %add_ln29_1" [sobel_accel.cpp:29]   --->   Operation 48 'select' 'select_ln29_1' <Predicate = (!icmp_ln29)> <Delay = 0.73> <CoreInst = "Sel">   --->   Core 73 'Sel' <Latency = 0> <II = 1> <Delay = 0.73> <FuncUnit> <Opcode : 'select'> <InPorts = 3> <OutPorts = 1>
ST_2 : Operation 49 [1/1] (0.00ns)   --->   "%zext_ln29 = zext i31 %select_ln29_1" [sobel_accel.cpp:29]   --->   Operation 49 'zext' 'zext_ln29' <Predicate = (!icmp_ln29)> <Delay = 0.00>
ST_2 : Operation 50 [1/1] (0.00ns)   --->   "%select_ln29_2_cast = zext i11 %select_ln29" [sobel_accel.cpp:29]   --->   Operation 50 'zext' 'select_ln29_2_cast' <Predicate = (!icmp_ln29)> <Delay = 0.00>
ST_2 : Operation 51 [1/1] (1.63ns)   --->   "%first_iter_0 = icmp_eq  i11 %select_ln29, i11 0" [sobel_accel.cpp:29]   --->   Operation 51 'icmp' 'first_iter_0' <Predicate = (!icmp_ln29)> <Delay = 1.63> <CoreInst = "Cmp">   --->   Core 9 'Cmp' <Latency = 0> <II = 1> <Delay = 1.63> <FuncUnit> <Opcode : 'seteq' 'setne' 'setle' 'setge' 'setlt' 'setgt'> <InPorts = 2> <OutPorts = 1>
ST_2 : Operation 52 [1/1] (0.00ns)   --->   "%tmp_3 = partselect i30 @_ssdm_op_PartSelect.i30.i31.i32.i32, i31 %select_ln29_1, i32 1, i32 30" [sobel_accel.cpp:29]   --->   Operation 52 'partselect' 'tmp_3' <Predicate = (!icmp_ln29)> <Delay = 0.00>
ST_2 : Operation 53 [1/1] (2.49ns)   --->   "%icmp = icmp_ne  i30 %tmp_3, i30 0" [sobel_accel.cpp:29]   --->   Operation 53 'icmp' 'icmp' <Predicate = (!icmp_ln29)> <Delay = 2.49> <CoreInst = "Cmp">   --->   Core 9 'Cmp' <Latency = 0> <II = 1> <Delay = 2.49> <FuncUnit> <Opcode : 'seteq' 'setne' 'setle' 'setge' 'setlt' 'setgt'> <InPorts = 2> <OutPorts = 1>
ST_2 : Operation 54 [1/1] (2.55ns)   --->   "%cmp105 = icmp_eq  i32 %zext_ln29, i32 %sub104_read" [sobel_accel.cpp:29]   --->   Operation 54 'icmp' 'cmp105' <Predicate = (!icmp_ln29)> <Delay = 2.55> <CoreInst = "Cmp">   --->   Core 9 'Cmp' <Latency = 0> <II = 1> <Delay = 2.55> <FuncUnit> <Opcode : 'seteq' 'setne' 'setle' 'setge' 'setlt' 'setgt'> <InPorts = 2> <OutPorts = 1>
ST_2 : Operation 55 [1/1] (0.00ns)   --->   "%zext_ln30 = zext i11 %select_ln29" [sobel_accel.cpp:30]   --->   Operation 55 'zext' 'zext_ln30' <Predicate = (!icmp_ln29)> <Delay = 0.00>
ST_2 : Operation 56 [1/1] (0.51ns)   --->   "%empty_24 = read i14 @_ssdm_op_Read.axis.volatile.i8P0A.i1P0A.i1P0A.i1P0A.i1P0A.i1P0A.i1P0A, i8 %in_stream_V_data_V, i1 %in_stream_V_keep_V, i1 %in_stream_V_strb_V, i1 %in_stream_V_user_V, i1 %in_stream_V_last_V, i1 %in_stream_V_id_V, i1 %in_stream_V_dest_V" [sobel_accel.cpp:34]   --->   Operation 56 'read' 'empty_24' <Predicate = (!icmp_ln29)> <Delay = 0.51> <CoreInst = "regslice">   --->   Core 136 'regslice' <Latency = 0> <II = 1> <Delay = 2.22> <Adapter> <Opcode : 'read' 'write'>
ST_2 : Operation 57 [1/1] (0.00ns)   --->   "%curr_pixel_data = extractvalue i14 %empty_24" [sobel_accel.cpp:34]   --->   Operation 57 'extractvalue' 'curr_pixel_data' <Predicate = (!icmp_ln29)> <Delay = 0.00>
ST_2 : Operation 58 [1/1] (0.00ns)   --->   "%curr_pixel_user = extractvalue i14 %empty_24" [sobel_accel.cpp:34]   --->   Operation 58 'extractvalue' 'curr_pixel_user' <Predicate = (!icmp_ln29)> <Delay = 0.00>
ST_2 : Operation 59 [1/1] (0.00ns)   --->   "%sobel_accel_stream_stream_axis_0_int_int_int_line_buf_1_addr = getelementptr i8 %sobel_accel_stream_stream_axis_0_int_int_int_line_buf_1, i64 0, i64 %zext_ln30" [sobel_accel.cpp:39]   --->   Operation 59 'getelementptr' 'sobel_accel_stream_stream_axis_0_int_int_int_line_buf_1_addr' <Predicate = (!icmp_ln29)> <Delay = 0.00>
ST_2 : Operation 60 [1/1] (0.00ns)   --->   "%reuse_addr_reg38_load = load i64 %reuse_addr_reg38"   --->   Operation 60 'load' 'reuse_addr_reg38_load' <Predicate = (!icmp_ln29)> <Delay = 0.00>
ST_2 : Operation 61 [2/2] (3.25ns)   --->   "%sobel_accel_stream_stream_axis_0_int_int_int_line_buf_1_load = load i11 %sobel_accel_stream_stream_axis_0_int_int_int_line_buf_1_addr" [sobel_accel.cpp:39]   --->   Operation 61 'load' 'sobel_accel_stream_stream_axis_0_int_int_int_line_buf_1_load' <Predicate = (!icmp_ln29)> <Delay = 3.25> <CoreInst = "RAM">   --->   Core 81 'RAM' <Latency = 1> <II = 1> <Delay = 3.25> <Storage> <Opcode : 'load' 'store'> <Ports = 2> <Width = 8> <Depth = 1920> <RAM>
ST_2 : Operation 62 [1/1] (3.52ns)   --->   "%addr_cmp41 = icmp_eq  i64 %reuse_addr_reg38_load, i64 %zext_ln30" [sobel_accel.cpp:30]   --->   Operation 62 'icmp' 'addr_cmp41' <Predicate = (!icmp_ln29)> <Delay = 3.52> <CoreInst = "Cmp">   --->   Core 9 'Cmp' <Latency = 0> <II = 1> <Delay = 3.52> <FuncUnit> <Opcode : 'seteq' 'setne' 'setle' 'setge' 'setlt' 'setgt'> <InPorts = 2> <OutPorts = 1>
ST_2 : Operation 63 [1/1] (0.00ns)   --->   "%sobel_accel_stream_stream_axis_0_int_int_int_line_buf_addr = getelementptr i8 %sobel_accel_stream_stream_axis_0_int_int_int_line_buf, i64 0, i64 %zext_ln30" [sobel_accel.cpp:39]   --->   Operation 63 'getelementptr' 'sobel_accel_stream_stream_axis_0_int_int_int_line_buf_addr' <Predicate = (!icmp_ln29)> <Delay = 0.00>
ST_2 : Operation 64 [1/1] (0.00ns)   --->   "%reuse_addr_reg_load = load i64 %reuse_addr_reg"   --->   Operation 64 'load' 'reuse_addr_reg_load' <Predicate = (!icmp_ln29)> <Delay = 0.00>
ST_2 : Operation 65 [2/2] (3.25ns)   --->   "%sobel_accel_stream_stream_axis_0_int_int_int_line_buf_load = load i11 %sobel_accel_stream_stream_axis_0_int_int_int_line_buf_addr" [sobel_accel.cpp:39]   --->   Operation 65 'load' 'sobel_accel_stream_stream_axis_0_int_int_int_line_buf_load' <Predicate = (!icmp_ln29)> <Delay = 3.25> <CoreInst = "RAM">   --->   Core 81 'RAM' <Latency = 1> <II = 1> <Delay = 3.25> <Storage> <Opcode : 'load' 'store'> <Ports = 2> <Width = 8> <Depth = 1920> <RAM>
ST_2 : Operation 66 [1/1] (3.52ns)   --->   "%addr_cmp = icmp_eq  i64 %reuse_addr_reg_load, i64 %zext_ln30" [sobel_accel.cpp:30]   --->   Operation 66 'icmp' 'addr_cmp' <Predicate = (!icmp_ln29)> <Delay = 3.52> <CoreInst = "Cmp">   --->   Core 9 'Cmp' <Latency = 0> <II = 1> <Delay = 3.52> <FuncUnit> <Opcode : 'seteq' 'setne' 'setle' 'setge' 'setlt' 'setgt'> <InPorts = 2> <OutPorts = 1>
ST_2 : Operation 67 [1/1] (1.58ns)   --->   "%store_ln30 = store i64 %zext_ln30, i64 %reuse_addr_reg38" [sobel_accel.cpp:30]   --->   Operation 67 'store' 'store_ln30' <Predicate = (!icmp_ln29)> <Delay = 1.58>
ST_2 : Operation 68 [1/1] (1.58ns)   --->   "%store_ln30 = store i64 %zext_ln30, i64 %reuse_addr_reg" [sobel_accel.cpp:30]   --->   Operation 68 'store' 'store_ln30' <Predicate = (!icmp_ln29)> <Delay = 1.58>
ST_2 : Operation 69 [1/1] (0.00ns)   --->   "%tmp_4 = partselect i10 @_ssdm_op_PartSelect.i10.i11.i32.i32, i11 %select_ln29, i32 1, i32 10" [sobel_accel.cpp:53]   --->   Operation 69 'partselect' 'tmp_4' <Predicate = (!icmp_ln29)> <Delay = 0.00>
ST_2 : Operation 70 [1/1] (1.73ns)   --->   "%icmp_ln53 = icmp_ne  i10 %tmp_4, i10 0" [sobel_accel.cpp:53]   --->   Operation 70 'icmp' 'icmp_ln53' <Predicate = (!icmp_ln29)> <Delay = 1.73> <CoreInst = "Cmp">   --->   Core 9 'Cmp' <Latency = 0> <II = 1> <Delay = 1.73> <FuncUnit> <Opcode : 'seteq' 'setne' 'setle' 'setge' 'setlt' 'setgt'> <InPorts = 2> <OutPorts = 1>
ST_2 : Operation 71 [1/1] (2.55ns)   --->   "%icmp_ln82 = icmp_eq  i32 %select_ln29_2_cast, i32 %sub107_read" [sobel_accel.cpp:82]   --->   Operation 71 'icmp' 'icmp_ln82' <Predicate = (!icmp_ln29)> <Delay = 2.55> <CoreInst = "Cmp">   --->   Core 9 'Cmp' <Latency = 0> <II = 1> <Delay = 2.55> <FuncUnit> <Opcode : 'seteq' 'setne' 'setle' 'setge' 'setlt' 'setgt'> <InPorts = 2> <OutPorts = 1>
ST_2 : Operation 72 [1/1] (0.97ns)   --->   "%out_pixel_last = and i1 %cmp105, i1 %icmp_ln82" [sobel_accel.cpp:82]   --->   Operation 72 'and' 'out_pixel_last' <Predicate = (!icmp_ln29)> <Delay = 0.97> <CoreInst = "LogicGate">   --->   Core 74 'LogicGate' <Latency = 0> <II = 1> <Delay = 0.97> <FuncUnit> <Opcode : 'and' 'or' 'xor'> <InPorts = 2> <OutPorts = 1>
ST_2 : Operation 73 [1/1] (1.63ns)   --->   "%add_ln30 = add i11 %select_ln29, i11 1" [sobel_accel.cpp:30]   --->   Operation 73 'add' 'add_ln30' <Predicate = (!icmp_ln29)> <Delay = 1.63> <CoreInst = "Adder">   --->   Core 1 'Adder' <Latency = 0> <II = 1> <Delay = 1.63> <FuncUnit> <Opcode : 'add' 'sub'> <InPorts = 2> <OutPorts = 1>
ST_2 : Operation 74 [1/1] (1.58ns)   --->   "%store_ln29 = store i64 %add_ln29, i64 %indvar_flatten" [sobel_accel.cpp:29]   --->   Operation 74 'store' 'store_ln29' <Predicate = (!icmp_ln29)> <Delay = 1.58>
ST_2 : Operation 75 [1/1] (1.58ns)   --->   "%store_ln29 = store i31 %select_ln29_1, i31 %y" [sobel_accel.cpp:29]   --->   Operation 75 'store' 'store_ln29' <Predicate = (!icmp_ln29)> <Delay = 1.58>
ST_2 : Operation 76 [1/1] (1.58ns)   --->   "%store_ln30 = store i11 %add_ln30, i11 %x" [sobel_accel.cpp:30]   --->   Operation 76 'store' 'store_ln30' <Predicate = (!icmp_ln29)> <Delay = 1.58>

State 3 <SV = 2> <Delay = 7.75>
ST_3 : Operation 77 [1/1] (0.00ns)   --->   "%p_load36 = load i8 %empty_18"   --->   Operation 77 'load' 'p_load36' <Predicate = true> <Delay = 0.00>
ST_3 : Operation 78 [1/1] (0.00ns)   --->   "%p_load35 = load i8 %empty_19"   --->   Operation 78 'load' 'p_load35' <Predicate = true> <Delay = 0.00>
ST_3 : Operation 79 [1/1] (0.00ns)   --->   "%p_load34 = load i8 %empty_20"   --->   Operation 79 'load' 'p_load34' <Predicate = true> <Delay = 0.00>
ST_3 : Operation 80 [1/1] (0.00ns)   --->   "%p_load33 = load i8 %empty_21"   --->   Operation 80 'load' 'p_load33' <Predicate = true> <Delay = 0.00>
ST_3 : Operation 81 [1/1] (0.00ns)   --->   "%p_load32 = load i8 %empty_22"   --->   Operation 81 'load' 'p_load32' <Predicate = true> <Delay = 0.00>
ST_3 : Operation 82 [1/1] (0.00ns)   --->   "%p_load = load i8 %empty_23"   --->   Operation 82 'load' 'p_load' <Predicate = true> <Delay = 0.00>
ST_3 : Operation 83 [1/1] (0.00ns)   --->   "%specloopname_ln0 = specloopname void @_ssdm_op_SpecLoopName, void @ROW_LOOP_COL_LOOP_str"   --->   Operation 83 'specloopname' 'specloopname_ln0' <Predicate = (!icmp_ln29)> <Delay = 0.00>
ST_3 : Operation 84 [1/1] (1.58ns)   --->   "%br_ln30 = br i1 %first_iter_0, void %VITIS_LOOP_38_1.split_ifconv, void %for.first.iter.VITIS_LOOP_38_1" [sobel_accel.cpp:30]   --->   Operation 84 'br' 'br_ln30' <Predicate = (!icmp_ln29)> <Delay = 1.58>
ST_3 : Operation 85 [1/1] (0.00ns)   --->   "%p_ZZ11sobel_accelRN3hls6streamINS_4axisI7ap_uintILi8EELm1ELm1ELm1ELh56ELb0EEELi0E_3 = load i8 %p_ZZ11sobel_accelRN3hls6streamINS_4axisI7ap_uintILi8EELm1ELm1ELm1ELh56ELb0EEELi0E_2" [sobel_accel.cpp:46]   --->   Operation 85 'load' 'p_ZZ11sobel_accelRN3hls6streamINS_4axisI7ap_uintILi8EELm1ELm1ELm1ELh56ELb0EEELi0E_3' <Predicate = (!icmp_ln29 & first_iter_0)> <Delay = 0.00>
ST_3 : Operation 86 [1/1] (0.00ns)   --->   "%p_ZZ11sobel_accelRN3hls6streamINS_4axisI7ap_uintILi8EELm1ELm1ELm1ELh56ELb0EEELi0E_4 = load i8 %p_ZZ11sobel_accelRN3hls6streamINS_4axisI7ap_uintILi8EELm1ELm1ELm1ELh56ELb0EEELi0E_1" [sobel_accel.cpp:46]   --->   Operation 86 'load' 'p_ZZ11sobel_accelRN3hls6streamINS_4axisI7ap_uintILi8EELm1ELm1ELm1ELh56ELb0EEELi0E_4' <Predicate = (!icmp_ln29 & first_iter_0)> <Delay = 0.00>
ST_3 : Operation 87 [1/1] (0.00ns)   --->   "%p_ZZ11sobel_accelRN3hls6streamINS_4axisI7ap_uintILi8EELm1ELm1ELm1ELh56ELb0EEELi0E_5 = load i8 %p_ZZ11sobel_accelRN3hls6streamINS_4axisI7ap_uintILi8EELm1ELm1ELm1ELh56ELb0EEELi0E" [sobel_accel.cpp:46]   --->   Operation 87 'load' 'p_ZZ11sobel_accelRN3hls6streamINS_4axisI7ap_uintILi8EELm1ELm1ELm1ELh56ELb0EEELi0E_5' <Predicate = (!icmp_ln29 & first_iter_0)> <Delay = 0.00>
ST_3 : Operation 88 [1/1] (1.58ns)   --->   "%br_ln30 = br void %VITIS_LOOP_38_1.split_ifconv" [sobel_accel.cpp:30]   --->   Operation 88 'br' 'br_ln30' <Predicate = (!icmp_ln29 & first_iter_0)> <Delay = 1.58>
ST_3 : Operation 89 [1/1] (0.00ns)   --->   "%reuse_reg37_load = load i8 %reuse_reg37"   --->   Operation 89 'load' 'reuse_reg37_load' <Predicate = (!icmp_ln29 & addr_cmp41)> <Delay = 0.00>
ST_3 : Operation 90 [1/2] (3.25ns)   --->   "%sobel_accel_stream_stream_axis_0_int_int_int_line_buf_1_load = load i11 %sobel_accel_stream_stream_axis_0_int_int_int_line_buf_1_addr" [sobel_accel.cpp:39]   --->   Operation 90 'load' 'sobel_accel_stream_stream_axis_0_int_int_int_line_buf_1_load' <Predicate = (!icmp_ln29)> <Delay = 3.25> <CoreInst = "RAM">   --->   Core 81 'RAM' <Latency = 1> <II = 1> <Delay = 3.25> <Storage> <Opcode : 'load' 'store'> <Ports = 2> <Width = 8> <Depth = 1920> <RAM>
ST_3 : Operation 91 [1/1] (1.24ns)   --->   "%reuse_select42 = select i1 %addr_cmp41, i8 %reuse_reg37_load, i8 %sobel_accel_stream_stream_axis_0_int_int_int_line_buf_1_load" [sobel_accel.cpp:30]   --->   Operation 91 'select' 'reuse_select42' <Predicate = (!icmp_ln29)> <Delay = 1.24> <CoreInst = "Sel">   --->   Core 73 'Sel' <Latency = 0> <II = 1> <Delay = 1.24> <FuncUnit> <Opcode : 'select'> <InPorts = 3> <OutPorts = 1>
ST_3 : Operation 92 [1/1] (0.00ns)   --->   "%reuse_reg_load = load i8 %reuse_reg"   --->   Operation 92 'load' 'reuse_reg_load' <Predicate = (!icmp_ln29 & addr_cmp)> <Delay = 0.00>
ST_3 : Operation 93 [1/2] (3.25ns)   --->   "%sobel_accel_stream_stream_axis_0_int_int_int_line_buf_load = load i11 %sobel_accel_stream_stream_axis_0_int_int_int_line_buf_addr" [sobel_accel.cpp:39]   --->   Operation 93 'load' 'sobel_accel_stream_stream_axis_0_int_int_int_line_buf_load' <Predicate = (!icmp_ln29)> <Delay = 3.25> <CoreInst = "RAM">   --->   Core 81 'RAM' <Latency = 1> <II = 1> <Delay = 3.25> <Storage> <Opcode : 'load' 'store'> <Ports = 2> <Width = 8> <Depth = 1920> <RAM>
ST_3 : Operation 94 [1/1] (1.24ns)   --->   "%reuse_select = select i1 %addr_cmp, i8 %reuse_reg_load, i8 %sobel_accel_stream_stream_axis_0_int_int_int_line_buf_load" [sobel_accel.cpp:30]   --->   Operation 94 'select' 'reuse_select' <Predicate = (!icmp_ln29)> <Delay = 1.24> <CoreInst = "Sel">   --->   Core 73 'Sel' <Latency = 0> <II = 1> <Delay = 1.24> <FuncUnit> <Opcode : 'select'> <InPorts = 3> <OutPorts = 1>
ST_3 : Operation 95 [1/1] (3.25ns)   --->   "%store_ln39 = store i8 %reuse_select, i11 %sobel_accel_stream_stream_axis_0_int_int_int_line_buf_1_addr" [sobel_accel.cpp:39]   --->   Operation 95 'store' 'store_ln39' <Predicate = (!icmp_ln29)> <Delay = 3.25> <CoreInst = "RAM">   --->   Core 81 'RAM' <Latency = 1> <II = 1> <Delay = 3.25> <Storage> <Opcode : 'load' 'store'> <Ports = 2> <Width = 8> <Depth = 1920> <RAM>
ST_3 : Operation 96 [1/1] (1.58ns)   --->   "%store_ln30 = store i8 %reuse_select, i8 %reuse_reg37" [sobel_accel.cpp:30]   --->   Operation 96 'store' 'store_ln30' <Predicate = (!icmp_ln29)> <Delay = 1.58>
ST_3 : Operation 97 [1/1] (3.25ns)   --->   "%store_ln41 = store i8 %curr_pixel_data, i11 %sobel_accel_stream_stream_axis_0_int_int_int_line_buf_addr" [sobel_accel.cpp:41]   --->   Operation 97 'store' 'store_ln41' <Predicate = (!icmp_ln29)> <Delay = 3.25> <CoreInst = "RAM">   --->   Core 81 'RAM' <Latency = 1> <II = 1> <Delay = 3.25> <Storage> <Opcode : 'load' 'store'> <Ports = 2> <Width = 8> <Depth = 1920> <RAM>
ST_3 : Operation 98 [1/1] (1.58ns)   --->   "%store_ln34 = store i8 %curr_pixel_data, i8 %reuse_reg" [sobel_accel.cpp:34]   --->   Operation 98 'store' 'store_ln34' <Predicate = (!icmp_ln29)> <Delay = 1.58>
ST_3 : Operation 99 [1/1] (0.00ns)   --->   "%zext_ln30_2 = zext i11 %add_ln30" [sobel_accel.cpp:30]   --->   Operation 99 'zext' 'zext_ln30_2' <Predicate = (!icmp_ln29)> <Delay = 0.00>
ST_3 : Operation 100 [1/1] (2.55ns)   --->   "%icmp_ln30_1 = icmp_slt  i32 %zext_ln30_2, i32 %width_read" [sobel_accel.cpp:30]   --->   Operation 100 'icmp' 'icmp_ln30_1' <Predicate = (!icmp_ln29)> <Delay = 2.55> <CoreInst = "Cmp">   --->   Core 9 'Cmp' <Latency = 0> <II = 1> <Delay = 2.55> <FuncUnit> <Opcode : 'seteq' 'setne' 'setle' 'setge' 'setlt' 'setgt'> <InPorts = 2> <OutPorts = 1>
ST_3 : Operation 101 [1/1] (0.00ns)   --->   "%br_ln30 = br i1 %icmp_ln30_1, void %last.iter.VITIS_LOOP_38_1.split_ifconv, void %new.latch.VITIS_LOOP_38_1.split_ifconv" [sobel_accel.cpp:30]   --->   Operation 101 'br' 'br_ln30' <Predicate = (!icmp_ln29)> <Delay = 0.00>
ST_3 : Operation 102 [1/1] (0.00ns)   --->   "%br_ln30 = br i1 %cmp2139_read, void %for.inc118, void %for.inc118.loopexit.split" [sobel_accel.cpp:30]   --->   Operation 102 'br' 'br_ln30' <Predicate = (!icmp_ln29 & !icmp_ln30_1)> <Delay = 0.00>
ST_3 : Operation 103 [1/1] (0.00ns)   --->   "%store_ln46 = store i8 %reuse_select42, i8 %p_ZZ11sobel_accelRN3hls6streamINS_4axisI7ap_uintILi8EELm1ELm1ELm1ELh56ELb0EEELi0E_2" [sobel_accel.cpp:46]   --->   Operation 103 'store' 'store_ln46' <Predicate = (!icmp_ln29 & !icmp_ln30_1 & cmp2139_read)> <Delay = 0.00>
ST_3 : Operation 104 [1/1] (0.00ns)   --->   "%store_ln46 = store i8 %reuse_select, i8 %p_ZZ11sobel_accelRN3hls6streamINS_4axisI7ap_uintILi8EELm1ELm1ELm1ELh56ELb0EEELi0E_1" [sobel_accel.cpp:46]   --->   Operation 104 'store' 'store_ln46' <Predicate = (!icmp_ln29 & !icmp_ln30_1 & cmp2139_read)> <Delay = 0.00>
ST_3 : Operation 105 [1/1] (0.00ns)   --->   "%store_ln46 = store i8 %curr_pixel_data, i8 %p_ZZ11sobel_accelRN3hls6streamINS_4axisI7ap_uintILi8EELm1ELm1ELm1ELh56ELb0EEELi0E" [sobel_accel.cpp:46]   --->   Operation 105 'store' 'store_ln46' <Predicate = (!icmp_ln29 & !icmp_ln30_1 & cmp2139_read)> <Delay = 0.00>
ST_3 : Operation 106 [1/1] (0.00ns)   --->   "%br_ln29 = br void %for.inc118" [sobel_accel.cpp:29]   --->   Operation 106 'br' 'br_ln29' <Predicate = (!icmp_ln29 & !icmp_ln30_1 & cmp2139_read)> <Delay = 0.00>
ST_3 : Operation 107 [1/1] (0.00ns)   --->   "%br_ln30 = br void %new.latch.VITIS_LOOP_38_1.split_ifconv" [sobel_accel.cpp:30]   --->   Operation 107 'br' 'br_ln30' <Predicate = (!icmp_ln29 & !icmp_ln30_1)> <Delay = 0.00>
ST_3 : Operation 108 [1/1] (0.00ns)   --->   "%store_ln0 = store i8 %p_load32, i8 %empty_23"   --->   Operation 108 'store' 'store_ln0' <Predicate = (!icmp_ln29)> <Delay = 0.00>
ST_3 : Operation 109 [1/1] (0.00ns)   --->   "%store_ln34 = store i8 %curr_pixel_data, i8 %empty_22" [sobel_accel.cpp:34]   --->   Operation 109 'store' 'store_ln34' <Predicate = (!icmp_ln29)> <Delay = 0.00>
ST_3 : Operation 110 [1/1] (0.00ns)   --->   "%store_ln30 = store i8 %reuse_select, i8 %empty_21" [sobel_accel.cpp:30]   --->   Operation 110 'store' 'store_ln30' <Predicate = (!icmp_ln29)> <Delay = 0.00>
ST_3 : Operation 111 [1/1] (0.00ns)   --->   "%store_ln0 = store i8 %p_load33, i8 %empty_20"   --->   Operation 111 'store' 'store_ln0' <Predicate = (!icmp_ln29)> <Delay = 0.00>
ST_3 : Operation 112 [1/1] (0.00ns)   --->   "%store_ln0 = store i8 %p_load36, i8 %empty_19"   --->   Operation 112 'store' 'store_ln0' <Predicate = (!icmp_ln29)> <Delay = 0.00>
ST_3 : Operation 113 [1/1] (0.00ns)   --->   "%store_ln30 = store i8 %reuse_select42, i8 %empty_18" [sobel_accel.cpp:30]   --->   Operation 113 'store' 'store_ln30' <Predicate = (!icmp_ln29)> <Delay = 0.00>
ST_3 : Operation 114 [1/1] (0.00ns)   --->   "%br_ln30 = br void %VITIS_LOOP_38_1" [sobel_accel.cpp:30]   --->   Operation 114 'br' 'br_ln30' <Predicate = (!icmp_ln29)> <Delay = 0.00>

State 4 <SV = 3> <Delay = 7.49>
ST_4 : Operation 115 [1/1] (0.00ns)   --->   "%p_ZZ11sobel_accelRN3hls6streamINS_4axisI7ap_uintILi8EELm1ELm1ELm1ELh56ELb0EEELi0E_6 = phi i8 %p_ZZ11sobel_accelRN3hls6streamINS_4axisI7ap_uintILi8EELm1ELm1ELm1ELh56ELb0EEELi0E_3, void %for.first.iter.VITIS_LOOP_38_1, i8 %p_load35, void %for.inc118.loopexit" [sobel_accel.cpp:46]   --->   Operation 115 'phi' 'p_ZZ11sobel_accelRN3hls6streamINS_4axisI7ap_uintILi8EELm1ELm1ELm1ELh56ELb0EEELi0E_6' <Predicate = true> <Delay = 0.00>
ST_4 : Operation 116 [1/1] (0.00ns) (grouped into LUT with out node sub_ln60)   --->   "%p_ZZ11sobel_accelRN3hls6streamINS_4axisI7ap_uintILi8EELm1ELm1ELm1ELh56ELb0EEELi0E_7 = phi i8 %p_ZZ11sobel_accelRN3hls6streamINS_4axisI7ap_uintILi8EELm1ELm1ELm1ELh56ELb0EEELi0E_3, void %for.first.iter.VITIS_LOOP_38_1, i8 %p_load36, void %for.inc118.loopexit" [sobel_accel.cpp:46]   --->   Operation 116 'phi' 'p_ZZ11sobel_accelRN3hls6streamINS_4axisI7ap_uintILi8EELm1ELm1ELm1ELh56ELb0EEELi0E_7' <Predicate = true> <Delay = 0.00>
ST_4 : Operation 117 [1/1] (0.00ns) (grouped into LUT with out node sub_ln56)   --->   "%p_ZZ11sobel_accelRN3hls6streamINS_4axisI7ap_uintILi8EELm1ELm1ELm1ELh56ELb0EEELi0E_8 = phi i8 %p_ZZ11sobel_accelRN3hls6streamINS_4axisI7ap_uintILi8EELm1ELm1ELm1ELh56ELb0EEELi0E_4, void %for.first.iter.VITIS_LOOP_38_1, i8 %p_load34, void %for.inc118.loopexit" [sobel_accel.cpp:46]   --->   Operation 117 'phi' 'p_ZZ11sobel_accelRN3hls6streamINS_4axisI7ap_uintILi8EELm1ELm1ELm1ELh56ELb0EEELi0E_8' <Predicate = true> <Delay = 0.00>
ST_4 : Operation 118 [1/1] (0.00ns)   --->   "%p_ZZ11sobel_accelRN3hls6streamINS_4axisI7ap_uintILi8EELm1ELm1ELm1ELh56ELb0EEELi0E_9 = phi i8 %p_ZZ11sobel_accelRN3hls6streamINS_4axisI7ap_uintILi8EELm1ELm1ELm1ELh56ELb0EEELi0E_5, void %for.first.iter.VITIS_LOOP_38_1, i8 %p_load, void %for.inc118.loopexit" [sobel_accel.cpp:46]   --->   Operation 118 'phi' 'p_ZZ11sobel_accelRN3hls6streamINS_4axisI7ap_uintILi8EELm1ELm1ELm1ELh56ELb0EEELi0E_9' <Predicate = true> <Delay = 0.00>
ST_4 : Operation 119 [1/1] (0.00ns) (grouped into LUT with out node sub_ln60)   --->   "%p_ZZ11sobel_accelRN3hls6streamINS_4axisI7ap_uintILi8EELm1ELm1ELm1ELh56ELb0EEELi0E_10 = phi i8 %p_ZZ11sobel_accelRN3hls6streamINS_4axisI7ap_uintILi8EELm1ELm1ELm1ELh56ELb0EEELi0E_5, void %for.first.iter.VITIS_LOOP_38_1, i8 %p_load32, void %for.inc118.loopexit" [sobel_accel.cpp:46]   --->   Operation 119 'phi' 'p_ZZ11sobel_accelRN3hls6streamINS_4axisI7ap_uintILi8EELm1ELm1ELm1ELh56ELb0EEELi0E_10' <Predicate = true> <Delay = 0.00>
ST_4 : Operation 120 [1/1] (0.00ns)   --->   "%zext_ln55 = zext i8 %reuse_select42" [sobel_accel.cpp:55]   --->   Operation 120 'zext' 'zext_ln55' <Predicate = true> <Delay = 0.00>
ST_4 : Operation 121 [1/1] (0.00ns)   --->   "%zext_ln55_1 = zext i8 %reuse_select42" [sobel_accel.cpp:55]   --->   Operation 121 'zext' 'zext_ln55_1' <Predicate = true> <Delay = 0.00>
ST_4 : Operation 122 [1/1] (0.00ns)   --->   "%zext_ln56 = zext i8 %p_ZZ11sobel_accelRN3hls6streamINS_4axisI7ap_uintILi8EELm1ELm1ELm1ELh56ELb0EEELi0E_6" [sobel_accel.cpp:56]   --->   Operation 122 'zext' 'zext_ln56' <Predicate = true> <Delay = 0.00>
ST_4 : Operation 123 [1/1] (0.00ns) (grouped into LUT with out node sub_ln56)   --->   "%zext_ln56_1 = zext i8 %reuse_select" [sobel_accel.cpp:56]   --->   Operation 123 'zext' 'zext_ln56_1' <Predicate = true> <Delay = 0.00>
ST_4 : Operation 124 [1/1] (0.00ns) (grouped into LUT with out node sub_ln56)   --->   "%zext_ln56_2 = zext i8 %p_ZZ11sobel_accelRN3hls6streamINS_4axisI7ap_uintILi8EELm1ELm1ELm1ELh56ELb0EEELi0E_8" [sobel_accel.cpp:56]   --->   Operation 124 'zext' 'zext_ln56_2' <Predicate = true> <Delay = 0.00>
ST_4 : Operation 125 [1/1] (1.91ns) (out node of the LUT)   --->   "%sub_ln56 = sub i9 %zext_ln56_1, i9 %zext_ln56_2" [sobel_accel.cpp:56]   --->   Operation 125 'sub' 'sub_ln56' <Predicate = true> <Delay = 1.91> <CoreInst = "Adder">   --->   Core 1 'Adder' <Latency = 0> <II = 1> <Delay = 1.91> <FuncUnit> <Opcode : 'add' 'sub'> <InPorts = 2> <OutPorts = 1>
ST_4 : Operation 126 [1/1] (0.00ns)   --->   "%tmp = bitconcatenate i10 @_ssdm_op_BitConcatenate.i10.i9.i1, i9 %sub_ln56, i1 0" [sobel_accel.cpp:56]   --->   Operation 126 'bitconcatenate' 'tmp' <Predicate = true> <Delay = 0.00>
ST_4 : Operation 127 [1/1] (0.00ns)   --->   "%sext_ln57 = sext i10 %tmp" [sobel_accel.cpp:57]   --->   Operation 127 'sext' 'sext_ln57' <Predicate = true> <Delay = 0.00>
ST_4 : Operation 128 [1/1] (0.00ns)   --->   "%zext_ln57 = zext i8 %curr_pixel_data" [sobel_accel.cpp:57]   --->   Operation 128 'zext' 'zext_ln57' <Predicate = true> <Delay = 0.00>
ST_4 : Operation 129 [1/1] (0.00ns)   --->   "%zext_ln57_1 = zext i8 %curr_pixel_data" [sobel_accel.cpp:57]   --->   Operation 129 'zext' 'zext_ln57_1' <Predicate = true> <Delay = 0.00>
ST_4 : Operation 130 [1/1] (0.00ns)   --->   "%zext_ln57_2 = zext i8 %p_ZZ11sobel_accelRN3hls6streamINS_4axisI7ap_uintILi8EELm1ELm1ELm1ELh56ELb0EEELi0E_9" [sobel_accel.cpp:57]   --->   Operation 130 'zext' 'zext_ln57_2' <Predicate = true> <Delay = 0.00>
ST_4 : Operation 131 [1/1] (1.91ns)   --->   "%add_ln57 = add i9 %zext_ln56, i9 %zext_ln57_2" [sobel_accel.cpp:57]   --->   Operation 131 'add' 'add_ln57' <Predicate = true> <Delay = 1.91> <CoreInst = "Adder">   --->   Core 1 'Adder' <Latency = 0> <II = 1> <Delay = 1.91> <FuncUnit> <Opcode : 'add' 'sub'> <InPorts = 2> <OutPorts = 1>
ST_4 : Operation 132 [1/1] (0.00ns)   --->   "%zext_ln55_2 = zext i9 %add_ln57" [sobel_accel.cpp:55]   --->   Operation 132 'zext' 'zext_ln55_2' <Predicate = true> <Delay = 0.00>
ST_4 : Operation 133 [1/1] (1.82ns)   --->   "%sub_ln55 = sub i10 %zext_ln57_1, i10 %zext_ln55_2" [sobel_accel.cpp:55]   --->   Operation 133 'sub' 'sub_ln55' <Predicate = true> <Delay = 1.82> <CoreInst = "Adder">   --->   Core 1 'Adder' <Latency = 0> <II = 1> <Delay = 1.82> <FuncUnit> <Opcode : 'add' 'sub'> <InPorts = 2> <OutPorts = 1>
ST_4 : Operation 134 [1/1] (0.00ns)   --->   "%sext_ln56 = sext i10 %sub_ln55" [sobel_accel.cpp:56]   --->   Operation 134 'sext' 'sext_ln56' <Predicate = true> <Delay = 0.00>
ST_4 : Operation 135 [1/1] (0.00ns) (grouped into TernaryAdder)   --->   "%add_ln56 = add i11 %sext_ln57, i11 %zext_ln55" [sobel_accel.cpp:56]   --->   Operation 135 'add' 'add_ln56' <Predicate = true> <Delay = 0.00> <CoreInst = "TAddSub">   --->   Core 10 'TAddSub' <Latency = 0> <II = 1> <Delay = 1.87> <IPBlock> <Opcode : '' 'add' 'sub'> <InPorts = 3> <OutPorts = 1> <Sync> <CReg>
ST_4 : Operation 136 [1/1] (3.75ns) (root node of TernaryAdder)   --->   "%gx = add i11 %add_ln56, i11 %sext_ln56" [sobel_accel.cpp:56]   --->   Operation 136 'add' 'gx' <Predicate = true> <Delay = 3.75> <CoreInst = "TAddSub">   --->   Core 10 'TAddSub' <Latency = 0> <II = 1> <Delay = 1.87> <IPBlock> <Opcode : '' 'add' 'sub'> <InPorts = 3> <OutPorts = 1> <Sync> <CReg>
ST_4 : Operation 137 [1/1] (1.91ns)   --->   "%sub_ln59 = sub i9 %zext_ln57_2, i9 %zext_ln56" [sobel_accel.cpp:59]   --->   Operation 137 'sub' 'sub_ln59' <Predicate = true> <Delay = 1.91> <CoreInst = "Adder">   --->   Core 1 'Adder' <Latency = 0> <II = 1> <Delay = 1.91> <FuncUnit> <Opcode : 'add' 'sub'> <InPorts = 2> <OutPorts = 1>
ST_4 : Operation 138 [1/1] (0.00ns)   --->   "%sext_ln60 = sext i9 %sub_ln59" [sobel_accel.cpp:60]   --->   Operation 138 'sext' 'sext_ln60' <Predicate = true> <Delay = 0.00>
ST_4 : Operation 139 [1/1] (0.00ns) (grouped into LUT with out node sub_ln60)   --->   "%zext_ln60 = zext i8 %p_ZZ11sobel_accelRN3hls6streamINS_4axisI7ap_uintILi8EELm1ELm1ELm1ELh56ELb0EEELi0E_10" [sobel_accel.cpp:60]   --->   Operation 139 'zext' 'zext_ln60' <Predicate = true> <Delay = 0.00>
ST_4 : Operation 140 [1/1] (0.00ns) (grouped into LUT with out node sub_ln60)   --->   "%zext_ln60_1 = zext i8 %p_ZZ11sobel_accelRN3hls6streamINS_4axisI7ap_uintILi8EELm1ELm1ELm1ELh56ELb0EEELi0E_7" [sobel_accel.cpp:60]   --->   Operation 140 'zext' 'zext_ln60_1' <Predicate = true> <Delay = 0.00>
ST_4 : Operation 141 [1/1] (1.91ns) (out node of the LUT)   --->   "%sub_ln60 = sub i9 %zext_ln60, i9 %zext_ln60_1" [sobel_accel.cpp:60]   --->   Operation 141 'sub' 'sub_ln60' <Predicate = true> <Delay = 1.91> <CoreInst = "Adder">   --->   Core 1 'Adder' <Latency = 0> <II = 1> <Delay = 1.91> <FuncUnit> <Opcode : 'add' 'sub'> <InPorts = 2> <OutPorts = 1>
ST_4 : Operation 142 [1/1] (0.00ns)   --->   "%tmp_1 = bitconcatenate i10 @_ssdm_op_BitConcatenate.i10.i9.i1, i9 %sub_ln60, i1 0" [sobel_accel.cpp:60]   --->   Operation 142 'bitconcatenate' 'tmp_1' <Predicate = true> <Delay = 0.00>
ST_4 : Operation 143 [1/1] (0.00ns)   --->   "%sext_ln61 = sext i10 %tmp_1" [sobel_accel.cpp:61]   --->   Operation 143 'sext' 'sext_ln61' <Predicate = true> <Delay = 0.00>
ST_4 : Operation 144 [1/1] (1.91ns)   --->   "%sub_ln61 = sub i9 %zext_ln57, i9 %zext_ln55_1" [sobel_accel.cpp:61]   --->   Operation 144 'sub' 'sub_ln61' <Predicate = true> <Delay = 1.91> <CoreInst = "Adder">   --->   Core 1 'Adder' <Latency = 0> <II = 1> <Delay = 1.91> <FuncUnit> <Opcode : 'add' 'sub'> <InPorts = 2> <OutPorts = 1>
ST_4 : Operation 145 [1/1] (0.00ns)   --->   "%sext_ln60_1 = sext i9 %sub_ln61" [sobel_accel.cpp:60]   --->   Operation 145 'sext' 'sext_ln60_1' <Predicate = true> <Delay = 0.00>
ST_4 : Operation 146 [1/1] (0.00ns) (grouped into TernaryAdder)   --->   "%add_ln60 = add i11 %sext_ln61, i11 %sext_ln60_1" [sobel_accel.cpp:60]   --->   Operation 146 'add' 'add_ln60' <Predicate = true> <Delay = 0.00> <CoreInst = "TAddSub">   --->   Core 10 'TAddSub' <Latency = 0> <II = 1> <Delay = 1.87> <IPBlock> <Opcode : '' 'add' 'sub'> <InPorts = 3> <OutPorts = 1> <Sync> <CReg>
ST_4 : Operation 147 [1/1] (3.75ns) (root node of TernaryAdder)   --->   "%gy = add i11 %add_ln60, i11 %sext_ln60" [sobel_accel.cpp:60]   --->   Operation 147 'add' 'gy' <Predicate = true> <Delay = 3.75> <CoreInst = "TAddSub">   --->   Core 10 'TAddSub' <Latency = 0> <II = 1> <Delay = 1.87> <IPBlock> <Opcode : '' 'add' 'sub'> <InPorts = 3> <OutPorts = 1> <Sync> <CReg>
ST_4 : Operation 166 [1/1] (1.58ns)   --->   "%ret_ln0 = ret"   --->   Operation 166 'ret' 'ret_ln0' <Predicate = (icmp_ln29)> <Delay = 1.58>

State 5 <SV = 4> <Delay = 7.92>
ST_5 : Operation 148 [1/1] (0.00ns)   --->   "%specpipeline_ln31 = specpipeline void @_ssdm_op_SpecPipeline, i32 1, i32 0, i32 0, i32 0, void @empty_1" [sobel_accel.cpp:31]   --->   Operation 148 'specpipeline' 'specpipeline_ln31' <Predicate = true> <Delay = 0.00>
ST_5 : Operation 149 [1/1] (0.00ns) (grouped into LUT with out node select_ln52)   --->   "%and_ln53 = and i1 %icmp, i1 %icmp_ln53" [sobel_accel.cpp:53]   --->   Operation 149 'and' 'and_ln53' <Predicate = true> <Delay = 0.00> <CoreInst = "LogicGate">   --->   Core 74 'LogicGate' <Latency = 0> <II = 1> <Delay = 0.97> <FuncUnit> <Opcode : 'and' 'or' 'xor'> <InPorts = 2> <OutPorts = 1>
ST_5 : Operation 150 [1/1] (0.00ns) (grouped into LUT with out node sum_mag)   --->   "%sext_ln55 = sext i11 %gx" [sobel_accel.cpp:55]   --->   Operation 150 'sext' 'sext_ln55' <Predicate = true> <Delay = 0.00>
ST_5 : Operation 151 [1/1] (0.00ns) (grouped into LUT with out node sum_mag)   --->   "%sext_ln59 = sext i11 %gy" [sobel_accel.cpp:59]   --->   Operation 151 'sext' 'sext_ln59' <Predicate = true> <Delay = 0.00>
ST_5 : Operation 152 [1/1] (0.00ns) (grouped into LUT with out node sum_mag)   --->   "%tmp_5 = bitselect i1 @_ssdm_op_BitSelect.i1.i16.i32, i16 %sext_ln55, i32 15" [sobel_accel.cpp:63]   --->   Operation 152 'bitselect' 'tmp_5' <Predicate = true> <Delay = 0.00>
ST_5 : Operation 153 [1/1] (1.63ns)   --->   "%sub_ln63 = sub i11 0, i11 %gx" [sobel_accel.cpp:63]   --->   Operation 153 'sub' 'sub_ln63' <Predicate = true> <Delay = 1.63> <CoreInst = "Adder">   --->   Core 1 'Adder' <Latency = 0> <II = 1> <Delay = 1.63> <FuncUnit> <Opcode : 'add' 'sub'> <InPorts = 2> <OutPorts = 1>
ST_5 : Operation 154 [1/1] (0.00ns) (grouped into LUT with out node sum_mag)   --->   "%abs_gx = select i1 %tmp_5, i11 %sub_ln63, i11 %gx" [sobel_accel.cpp:63]   --->   Operation 154 'select' 'abs_gx' <Predicate = true> <Delay = 0.00> <CoreInst = "Sel">   --->   Core 73 'Sel' <Latency = 0> <II = 1> <Delay = 0.69> <FuncUnit> <Opcode : 'select'> <InPorts = 3> <OutPorts = 1>
ST_5 : Operation 155 [1/1] (0.00ns) (grouped into LUT with out node sum_mag)   --->   "%sext_ln63 = sext i11 %abs_gx" [sobel_accel.cpp:63]   --->   Operation 155 'sext' 'sext_ln63' <Predicate = true> <Delay = 0.00>
ST_5 : Operation 156 [1/1] (0.00ns) (grouped into LUT with out node sum_mag)   --->   "%tmp_6 = bitselect i1 @_ssdm_op_BitSelect.i1.i16.i32, i16 %sext_ln59, i32 15" [sobel_accel.cpp:64]   --->   Operation 156 'bitselect' 'tmp_6' <Predicate = true> <Delay = 0.00>
ST_5 : Operation 157 [1/1] (1.63ns)   --->   "%sub_ln64 = sub i11 0, i11 %gy" [sobel_accel.cpp:64]   --->   Operation 157 'sub' 'sub_ln64' <Predicate = true> <Delay = 1.63> <CoreInst = "Adder">   --->   Core 1 'Adder' <Latency = 0> <II = 1> <Delay = 1.63> <FuncUnit> <Opcode : 'add' 'sub'> <InPorts = 2> <OutPorts = 1>
ST_5 : Operation 158 [1/1] (0.00ns) (grouped into LUT with out node sum_mag)   --->   "%abs_gy = select i1 %tmp_6, i11 %sub_ln64, i11 %gy" [sobel_accel.cpp:64]   --->   Operation 158 'select' 'abs_gy' <Predicate = true> <Delay = 0.00> <CoreInst = "Sel">   --->   Core 73 'Sel' <Latency = 0> <II = 1> <Delay = 0.69> <FuncUnit> <Opcode : 'select'> <InPorts = 3> <OutPorts = 1>
ST_5 : Operation 159 [1/1] (0.00ns) (grouped into LUT with out node sum_mag)   --->   "%sext_ln64 = sext i11 %abs_gy" [sobel_accel.cpp:64]   --->   Operation 159 'sext' 'sext_ln64' <Predicate = true> <Delay = 0.00>
ST_5 : Operation 160 [1/1] (1.63ns) (out node of the LUT)   --->   "%sum_mag = add i12 %sext_ln63, i12 %sext_ln64" [sobel_accel.cpp:65]   --->   Operation 160 'add' 'sum_mag' <Predicate = true> <Delay = 1.63> <CoreInst = "Adder">   --->   Core 1 'Adder' <Latency = 0> <II = 1> <Delay = 1.63> <FuncUnit> <Opcode : 'add' 'sub'> <InPorts = 2> <OutPorts = 1>
ST_5 : Operation 161 [1/1] (0.00ns)   --->   "%sext_ln65 = sext i12 %sum_mag" [sobel_accel.cpp:65]   --->   Operation 161 'sext' 'sext_ln65' <Predicate = true> <Delay = 0.00>
ST_5 : Operation 162 [1/1] (2.07ns)   --->   "%output_pixel = icmp_ugt  i16 %sext_ln65, i16 %tmp_2" [sobel_accel.cpp:67]   --->   Operation 162 'icmp' 'output_pixel' <Predicate = true> <Delay = 2.07> <CoreInst = "Cmp">   --->   Core 9 'Cmp' <Latency = 0> <II = 1> <Delay = 2.07> <FuncUnit> <Opcode : 'seteq' 'setne' 'setle' 'setge' 'setlt' 'setgt'> <InPorts = 2> <OutPorts = 1>
ST_5 : Operation 163 [1/1] (0.00ns) (grouped into LUT with out node select_ln52)   --->   "%output_pixel_2 = and i1 %and_ln53, i1 %output_pixel" [sobel_accel.cpp:53]   --->   Operation 163 'and' 'output_pixel_2' <Predicate = true> <Delay = 0.00> <CoreInst = "LogicGate">   --->   Core 74 'LogicGate' <Latency = 0> <II = 1> <Delay = 0.97> <FuncUnit> <Opcode : 'and' 'or' 'xor'> <InPorts = 2> <OutPorts = 1>
ST_5 : Operation 164 [1/1] (0.99ns) (out node of the LUT)   --->   "%select_ln52 = select i1 %output_pixel_2, i8 255, i8 0" [sobel_accel.cpp:52]   --->   Operation 164 'select' 'select_ln52' <Predicate = true> <Delay = 0.99> <CoreInst = "Sel">   --->   Core 73 'Sel' <Latency = 0> <II = 1> <Delay = 0.99> <FuncUnit> <Opcode : 'select'> <InPorts = 3> <OutPorts = 1>
ST_5 : Operation 165 [1/1] (1.57ns)   --->   "%write_ln88 = write void @_ssdm_op_Write.axis.volatile.i8P0A.i1P0A.i1P0A.i1P0A.i1P0A.i1P0A.i1P0A, i8 %out_stream_V_data_V, i1 %out_stream_V_keep_V, i1 %out_stream_V_strb_V, i1 %out_stream_V_user_V, i1 %out_stream_V_last_V, i1 %out_stream_V_id_V, i1 %out_stream_V_dest_V, i8 %select_ln52, i1 1, i1 1, i1 %curr_pixel_user, i1 %out_pixel_last, i1 0, i1 0" [sobel_accel.cpp:88]   --->   Operation 165 'write' 'write_ln88' <Predicate = true> <Delay = 1.57> <CoreInst = "regslice">   --->   Core 136 'regslice' <Latency = 0> <II = 1> <Delay = 2.22> <Adapter> <Opcode : 'read' 'write'>


============================================================
+ Verbose Summary: Timing violations
============================================================
Target clock period: 10.000ns, clock uncertainty: 1.250ns.

 <State 1>: 1.588ns
The critical path consists of the following:
	'alloca' operation 64 bit ('indvar_flatten') [32]  (0.000 ns)
	'store' operation 0 bit ('store_ln0') of constant 0 on local variable 'indvar_flatten' [49]  (1.588 ns)

 <State 2>: 6.815ns
The critical path consists of the following:
	'load' operation 11 bit ('x_load', sobel_accel.cpp:30) on local variable 'x', sobel_accel.cpp:30 [68]  (0.000 ns)
	'icmp' operation 1 bit ('icmp_ln30', sobel_accel.cpp:30) [71]  (2.552 ns)
	'select' operation 31 bit ('select_ln29_1', sobel_accel.cpp:29) [76]  (0.733 ns)
	'icmp' operation 1 bit ('cmp105', sobel_accel.cpp:29) [94]  (2.552 ns)
	'and' operation 1 bit ('out_pixel.last', sobel_accel.cpp:82) [165]  (0.978 ns)

 <State 3>: 7.756ns
The critical path consists of the following:
	'load' operation 8 bit ('sobel_accel_stream_stream_axis_0_int_int_int_line_buf_load', sobel_accel.cpp:39) on array 'sobel_accel_stream_stream_axis_0_int_int_int_line_buf' [109]  (3.254 ns)
	'select' operation 8 bit ('reuse_select', sobel_accel.cpp:30) [111]  (1.248 ns)
	'store' operation 0 bit ('store_ln39', sobel_accel.cpp:39) of variable 'reuse_select', sobel_accel.cpp:30 on array 'sobel_accel_stream_stream_axis_0_int_int_int_line_buf_1' [112]  (3.254 ns)

 <State 4>: 7.495ns
The critical path consists of the following:
	'phi' operation 8 bit ('p_ZZ11sobel_accelRN3hls6streamINS_4axisI7ap_uintILi8EELm1ELm1ELm1ELh56ELb0EEELi0E_6', sobel_accel.cpp:46) with incoming values : ('p_load35') ('p_ZZ11sobel_accelRN3hls6streamINS_4axisI7ap_uintILi8EELm1ELm1ELm1ELh56ELb0EEELi0E_3', sobel_accel.cpp:46) [87]  (0.000 ns)
	'add' operation 9 bit ('add_ln57', sobel_accel.cpp:57) [132]  (1.915 ns)
	'sub' operation 10 bit ('sub_ln55', sobel_accel.cpp:55) [134]  (1.823 ns)
	'add' operation 11 bit ('gx', sobel_accel.cpp:56) [137]  (3.757 ns)

 <State 5>: 7.921ns
The critical path consists of the following:
	'sub' operation 11 bit ('sub_ln63', sobel_accel.cpp:63) [152]  (1.639 ns)
	'select' operation 11 bit ('abs_gx', sobel_accel.cpp:63) [153]  (0.000 ns)
	'add' operation 12 bit ('sum_mag', sobel_accel.cpp:65) [159]  (1.639 ns)
	'icmp' operation 1 bit ('output_pixel', sobel_accel.cpp:67) [161]  (2.077 ns)
	'and' operation 1 bit ('output_pixel', sobel_accel.cpp:53) [162]  (0.000 ns)
	'select' operation 8 bit ('select_ln52', sobel_accel.cpp:52) [163]  (0.993 ns)
	axis write operation ('write_ln88', sobel_accel.cpp:88) on port 'out_stream_V_data_V' (sobel_accel.cpp:88) [166]  (1.573 ns)


============================================================
+ Verbose Summary: Binding
============================================================
N/A
* FSMD analyzer results:
  - Output states:
 - Input state : 
  - Chain level:
	State 1
	State 2
	State 3
	State 4
	State 5


============================================================
+ Verbose Summary: Datapath Resource usage 
============================================================
N/A
