INFO: [COSIM-47] Using XSIM for RTL simulation.
INFO: [COSIM-14] Instrumenting C test bench ...
   Build using "F:/Xilinx/Vitis_HLS/2024.1/vcxx/libexec/clang++"
   Compiling sobel_accel.cpp_pre.cpp.tb.cpp
   Compiling sobel_tb.cpp_pre.cpp.tb.cpp
   Compiling apatb_sobel_accel.cpp
   Compiling apatb_sobel_accel_util.cpp
   Compiling apatb_sobel_accel_ir.ll
   Generating cosim.tv.exe
INFO: [COSIM-302] Starting C TB testing ... 
INFO: [COSIM-333] Generating C post check test bench ...
INFO: [COSIM-12] Generating RTL test bench ...
INFO: [COSIM-1] *** C/RTL co-simulation file generation completed. ***
INFO: [COSIM-323] Starting verilog simulation. 
INFO: [COSIM-15] Starting XSIM ...
INFO: [COSIM-316] Starting C post checking ...
Running Sobel Accelerator...
TEST PASSED! 100% Bit-true match with Golden Model.
INFO [HLS SIM]: The maximum depth reached by any hls::stream() instance in the design is 4096

F:\nyuhomework\hardware\project\action\hls\sobel_hls\solution1\sim\verilog>set PATH= 

F:\nyuhomework\hardware\project\action\hls\sobel_hls\solution1\sim\verilog>call F:/Xilinx/Vivado/2024.1/bin/xelab xil_defaultlib.apatb_sobel_accel_top glbl -Oenable_linking_all_libraries  -prj sobel_accel.prj -L smartconnect_v1_0 -L axi_protocol_checker_v1_1_12 -L axi_protocol_checker_v1_1_13 -L axis_protocol_checker_v1_1_11 -L axis_protocol_checker_v1_1_12 -L xil_defaultlib -L unisims_ver -L xpm  -L floating_point_v7_0_23 -L floating_point_v7_1_18 --lib "ieee_proposed=./ieee_proposed" -s sobel_accel -debug all 
Vivado Simulator v2024.1
Copyright 1986-2022 Xilinx, Inc. All Rights Reserved.
Copyright 2022-2024 Advanced Micro Devices, Inc. All Rights Reserved.
Running: F:/Xilinx/Vivado/2024.1/bin/unwrapped/win64.o/xelab.exe xil_defaultlib.apatb_sobel_accel_top glbl -Oenable_linking_all_libraries -prj sobel_accel.prj -L smartconnect_v1_0 -L axi_protocol_checker_v1_1_12 -L axi_protocol_checker_v1_1_13 -L axis_protocol_checker_v1_1_11 -L axis_protocol_checker_v1_1_12 -L xil_defaultlib -L unisims_ver -L xpm -L floating_point_v7_0_23 -L floating_point_v7_1_18 --lib ieee_proposed=./ieee_proposed -s sobel_accel -debug all 
Multi-threading is on. Using 14 slave threads.
INFO: [VRFC 10-2263] Analyzing SystemVerilog file "F:/nyuhomework/hardware/project/action/hls/sobel_hls/solution1/sim/verilog/glbl.v" into library work
INFO: [VRFC 10-311] analyzing module glbl
INFO: [VRFC 10-2263] Analyzing SystemVerilog file "F:/nyuhomework/hardware/project/action/hls/sobel_hls/solution1/sim/verilog/AESL_axi_slave_CTRL.v" into library xil_defaultlib
INFO: [VRFC 10-311] analyzing module AESL_axi_slave_CTRL
INFO: [VRFC 10-2263] Analyzing SystemVerilog file "F:/nyuhomework/hardware/project/action/hls/sobel_hls/solution1/sim/verilog/AESL_axi_s_in_stream.v" into library xil_defaultlib
INFO: [VRFC 10-311] analyzing module AESL_axi_s_in_stream
INFO: [VRFC 10-2263] Analyzing SystemVerilog file "F:/nyuhomework/hardware/project/action/hls/sobel_hls/solution1/sim/verilog/AESL_axi_s_out_stream.v" into library xil_defaultlib
INFO: [VRFC 10-311] analyzing module AESL_axi_s_out_stream
INFO: [VRFC 10-2263] Analyzing SystemVerilog file "F:/nyuhomework/hardware/project/action/hls/sobel_hls/solution1/sim/verilog/AESL_deadlock_idx0_monitor.v" into library xil_defaultlib
INFO: [VRFC 10-311] analyzing module AESL_deadlock_idx0_monitor
INFO: [VRFC 10-2263] Analyzing SystemVerilog file "F:/nyuhomework/hardware/project/action/hls/sobel_hls/solution1/sim/verilog/AESL_deadlock_idx1_monitor.v" into library xil_defaultlib
INFO: [VRFC 10-311] analyzing module AESL_deadlock_idx1_monitor
INFO: [VRFC 10-2263] Analyzing SystemVerilog file "F:/nyuhomework/hardware/project/action/hls/sobel_hls/solution1/sim/verilog/AESL_deadlock_kernel_monitor_top.v" into library xil_defaultlib
INFO: [VRFC 10-311] analyzing module AESL_deadlock_kernel_monitor_top
INFO: [VRFC 10-2263] Analyzing SystemVerilog file "F:/nyuhomework/hardware/project/action/hls/sobel_hls/solution1/sim/verilog/AESL_fifo.v" into library xil_defaultlib
INFO: [VRFC 10-311] analyzing module fifo
INFO: [VRFC 10-2263] Analyzing SystemVerilog file "F:/nyuhomework/hardware/project/action/hls/sobel_hls/solution1/sim/verilog/sobel_accel.autotb.v" into library xil_defaultlib
INFO: [VRFC 10-311] analyzing module apatb_sobel_accel_top
INFO: [VRFC 10-2263] Analyzing SystemVerilog file "F:/nyuhomework/hardware/project/action/hls/sobel_hls/solution1/sim/verilog/sobel_accel.v" into library xil_defaultlib
INFO: [VRFC 10-311] analyzing module sobel_accel
INFO: [VRFC 10-2263] Analyzing SystemVerilog file "F:/nyuhomework/hardware/project/action/hls/sobel_hls/solution1/sim/verilog/sobel_accel_CTRL_s_axi.v" into library xil_defaultlib
INFO: [VRFC 10-311] analyzing module sobel_accel_CTRL_s_axi
INFO: [VRFC 10-2263] Analyzing SystemVerilog file "F:/nyuhomework/hardware/project/action/hls/sobel_hls/solution1/sim/verilog/sobel_accel_flow_control_loop_pipe_sequential_init.v" into library xil_defaultlib
INFO: [VRFC 10-311] analyzing module sobel_accel_flow_control_loop_pipe_sequential_init
INFO: [VRFC 10-2263] Analyzing SystemVerilog file "F:/nyuhomework/hardware/project/action/hls/sobel_hls/solution1/sim/verilog/sobel_accel_mul_32ns_32ns_64_1_1.v" into library xil_defaultlib
INFO: [VRFC 10-311] analyzing module sobel_accel_mul_32ns_32ns_64_1_1
INFO: [VRFC 10-2263] Analyzing SystemVerilog file "F:/nyuhomework/hardware/project/action/hls/sobel_hls/solution1/sim/verilog/sobel_accel_regslice_both.v" into library xil_defaultlib
INFO: [VRFC 10-311] analyzing module sobel_accel_regslice_both
INFO: [VRFC 10-2263] Analyzing SystemVerilog file "F:/nyuhomework/hardware/project/action/hls/sobel_hls/solution1/sim/verilog/sobel_accel_sobel_accel_Pipeline_ROW_LOOP_COL_LOOP.v" into library xil_defaultlib
INFO: [VRFC 10-311] analyzing module sobel_accel_sobel_accel_Pipeline_ROW_LOOP_COL_LOOP
INFO: [VRFC 10-2263] Analyzing SystemVerilog file "F:/nyuhomework/hardware/project/action/hls/sobel_hls/solution1/sim/verilog/sobel_accel_sobel_accel_Pipeline_ROW_LOOP_COL_LOOP_sobel_accel_stream_stream_axis_0_int_ibkb.v" into library xil_defaultlib
INFO: [VRFC 10-311] analyzing module sobel_accel_sobel_accel_Pipeline_ROW_LOOP_COL_LOOP_sobel_accel_stream_stream_axis_0_int_ibkb
INFO: [VRFC 10-2263] Analyzing SystemVerilog file "F:/nyuhomework/hardware/project/action/hls/sobel_hls/solution1/sim/verilog/dataflow_monitor.sv" into library xil_defaultlib
INFO: [VRFC 10-311] analyzing module dataflow_monitor
Starting static elaboration
Pass Through NonSizing Optimizer
Completed static elaboration
Starting simulation data flow analysis
Completed simulation data flow analysis
Time Resolution for simulation is 1ps
Compiling package xil_defaultlib.$unit_dataflow_monitor_sv
Compiling module xil_defaultlib.sobel_accel_sobel_accel_Pipeline...
Compiling module xil_defaultlib.sobel_accel_flow_control_loop_pi...
Compiling module xil_defaultlib.sobel_accel_sobel_accel_Pipeline...
Compiling module xil_defaultlib.sobel_accel_CTRL_s_axi
Compiling module xil_defaultlib.sobel_accel_mul_32ns_32ns_64_1_1...
Compiling module xil_defaultlib.sobel_accel_regslice_both
Compiling module xil_defaultlib.sobel_accel_regslice_both(DataWi...
Compiling module xil_defaultlib.sobel_accel
Compiling module xil_defaultlib.fifo(DEPTH=4096)
Compiling module xil_defaultlib.fifo(DEPTH=4096,WIDTH=1)
Compiling module xil_defaultlib.AESL_axi_s_in_stream
Compiling module xil_defaultlib.AESL_axi_s_out_stream
Compiling module xil_defaultlib.AESL_axi_slave_CTRL
Compiling module xil_defaultlib.AESL_deadlock_idx1_monitor
Compiling module xil_defaultlib.AESL_deadlock_idx0_monitor
Compiling module xil_defaultlib.AESL_deadlock_kernel_monitor_top...
Compiling module xil_defaultlib.nodf_module_intf_default
Compiling module xil_defaultlib.upc_loop_intf(FSM_WIDTH=1)
Compiling module xil_defaultlib.dataflow_monitor_1
Compiling module xil_defaultlib.apatb_sobel_accel_top
Compiling module work.glbl
Built simulation snapshot sobel_accel

****** xsim v2024.1 (64-bit)
  **** SW Build 5076996 on Wed May 22 18:37:14 MDT 2024
  **** IP Build 5075265 on Wed May 22 21:45:21 MDT 2024
  **** SharedData Build 5076995 on Wed May 22 18:29:18 MDT 2024
  **** Start of session at: Mon May 11 03:53:43 2026
    ** Copyright 1986-2022 Xilinx, Inc. All Rights Reserved.
    ** Copyright 2022-2024 Advanced Micro Devices, Inc. All Rights Reserved.

source xsim.dir/sobel_accel/xsim_script.tcl
# xsim {sobel_accel} -view {{sobel_accel_dataflow_ana.wcfg}} -tclbatch {sobel_accel.tcl} -protoinst {sobel_accel.protoinst}
INFO: [Wavedata 42-565] Reading protoinst file sobel_accel.protoinst
INFO: [Wavedata 42-564]   Found protocol instance at /apatb_sobel_accel_top/AESL_inst_sobel_accel//AESL_inst_sobel_accel_activity
INFO: [Wavedata 42-564]   Found protocol instance at /apatb_sobel_accel_top/AESL_inst_sobel_accel/grp_sobel_accel_Pipeline_ROW_LOOP_COL_LOOP_fu_106/grp_sobel_accel_Pipeline_ROW_LOOP_COL_LOOP_fu_106_activity
Time resolution is 1 ps
open_wave_config sobel_accel_dataflow_ana.wcfg
source sobel_accel.tcl
## log_wave -r /
WARNING: [Simtcl 6-197] One or more HDL objects could not be logged because of object type or size limitations.  To see details please rerun the command with -verbose (-v).
## set designtopgroup [add_wave_group "Design Top Signals"]
## set cinoutgroup [add_wave_group "C InOuts" -into $designtopgroup]
## set width__height__threshold__return_group [add_wave_group width__height__threshold__return(axi_slave) -into $cinoutgroup]
## add_wave /apatb_sobel_accel_top/AESL_inst_sobel_accel/interrupt -into $width__height__threshold__return_group -color #ffff00 -radix hex
## add_wave /apatb_sobel_accel_top/AESL_inst_sobel_accel/s_axi_CTRL_BRESP -into $width__height__threshold__return_group -radix hex
## add_wave /apatb_sobel_accel_top/AESL_inst_sobel_accel/s_axi_CTRL_BREADY -into $width__height__threshold__return_group -color #ffff00 -radix hex
## add_wave /apatb_sobel_accel_top/AESL_inst_sobel_accel/s_axi_CTRL_BVALID -into $width__height__threshold__return_group -color #ffff00 -radix hex
## add_wave /apatb_sobel_accel_top/AESL_inst_sobel_accel/s_axi_CTRL_RRESP -into $width__height__threshold__return_group -radix hex
## add_wave /apatb_sobel_accel_top/AESL_inst_sobel_accel/s_axi_CTRL_RDATA -into $width__height__threshold__return_group -radix hex
## add_wave /apatb_sobel_accel_top/AESL_inst_sobel_accel/s_axi_CTRL_RREADY -into $width__height__threshold__return_group -color #ffff00 -radix hex
## add_wave /apatb_sobel_accel_top/AESL_inst_sobel_accel/s_axi_CTRL_RVALID -into $width__height__threshold__return_group -color #ffff00 -radix hex
## add_wave /apatb_sobel_accel_top/AESL_inst_sobel_accel/s_axi_CTRL_ARREADY -into $width__height__threshold__return_group -color #ffff00 -radix hex
## add_wave /apatb_sobel_accel_top/AESL_inst_sobel_accel/s_axi_CTRL_ARVALID -into $width__height__threshold__return_group -color #ffff00 -radix hex
## add_wave /apatb_sobel_accel_top/AESL_inst_sobel_accel/s_axi_CTRL_ARADDR -into $width__height__threshold__return_group -radix hex
## add_wave /apatb_sobel_accel_top/AESL_inst_sobel_accel/s_axi_CTRL_WSTRB -into $width__height__threshold__return_group -radix hex
## add_wave /apatb_sobel_accel_top/AESL_inst_sobel_accel/s_axi_CTRL_WDATA -into $width__height__threshold__return_group -radix hex
## add_wave /apatb_sobel_accel_top/AESL_inst_sobel_accel/s_axi_CTRL_WREADY -into $width__height__threshold__return_group -color #ffff00 -radix hex
## add_wave /apatb_sobel_accel_top/AESL_inst_sobel_accel/s_axi_CTRL_WVALID -into $width__height__threshold__return_group -color #ffff00 -radix hex
## add_wave /apatb_sobel_accel_top/AESL_inst_sobel_accel/s_axi_CTRL_AWREADY -into $width__height__threshold__return_group -color #ffff00 -radix hex
## add_wave /apatb_sobel_accel_top/AESL_inst_sobel_accel/s_axi_CTRL_AWVALID -into $width__height__threshold__return_group -color #ffff00 -radix hex
## add_wave /apatb_sobel_accel_top/AESL_inst_sobel_accel/s_axi_CTRL_AWADDR -into $width__height__threshold__return_group -radix hex
## set coutputgroup [add_wave_group "C Outputs" -into $designtopgroup]
## set return_group [add_wave_group return(axis) -into $coutputgroup]
## add_wave /apatb_sobel_accel_top/AESL_inst_sobel_accel/out_stream_TDEST -into $return_group -radix hex
## add_wave /apatb_sobel_accel_top/AESL_inst_sobel_accel/out_stream_TID -into $return_group -radix hex
## add_wave /apatb_sobel_accel_top/AESL_inst_sobel_accel/out_stream_TLAST -into $return_group -color #ffff00 -radix hex
## add_wave /apatb_sobel_accel_top/AESL_inst_sobel_accel/out_stream_TUSER -into $return_group -radix hex
## add_wave /apatb_sobel_accel_top/AESL_inst_sobel_accel/out_stream_TSTRB -into $return_group -radix hex
## add_wave /apatb_sobel_accel_top/AESL_inst_sobel_accel/out_stream_TKEEP -into $return_group -radix hex
## add_wave /apatb_sobel_accel_top/AESL_inst_sobel_accel/out_stream_TREADY -into $return_group -color #ffff00 -radix hex
## add_wave /apatb_sobel_accel_top/AESL_inst_sobel_accel/out_stream_TVALID -into $return_group -color #ffff00 -radix hex
## add_wave /apatb_sobel_accel_top/AESL_inst_sobel_accel/out_stream_TDATA -into $return_group -radix hex
## set cinputgroup [add_wave_group "C Inputs" -into $designtopgroup]
## set return_group [add_wave_group return(axis) -into $cinputgroup]
## add_wave /apatb_sobel_accel_top/AESL_inst_sobel_accel/in_stream_TDEST -into $return_group -radix hex
## add_wave /apatb_sobel_accel_top/AESL_inst_sobel_accel/in_stream_TID -into $return_group -radix hex
## add_wave /apatb_sobel_accel_top/AESL_inst_sobel_accel/in_stream_TLAST -into $return_group -color #ffff00 -radix hex
## add_wave /apatb_sobel_accel_top/AESL_inst_sobel_accel/in_stream_TUSER -into $return_group -radix hex
## add_wave /apatb_sobel_accel_top/AESL_inst_sobel_accel/in_stream_TSTRB -into $return_group -radix hex
## add_wave /apatb_sobel_accel_top/AESL_inst_sobel_accel/in_stream_TKEEP -into $return_group -radix hex
## add_wave /apatb_sobel_accel_top/AESL_inst_sobel_accel/in_stream_TREADY -into $return_group -color #ffff00 -radix hex
## add_wave /apatb_sobel_accel_top/AESL_inst_sobel_accel/in_stream_TVALID -into $return_group -color #ffff00 -radix hex
## add_wave /apatb_sobel_accel_top/AESL_inst_sobel_accel/in_stream_TDATA -into $return_group -radix hex
## set blocksiggroup [add_wave_group "Block-level IO Handshake(internal)" -into $designtopgroup]
## add_wave /apatb_sobel_accel_top/AESL_inst_sobel_accel/ap_done -into $blocksiggroup
## add_wave /apatb_sobel_accel_top/AESL_inst_sobel_accel/ap_idle -into $blocksiggroup
## add_wave /apatb_sobel_accel_top/AESL_inst_sobel_accel/ap_ready -into $blocksiggroup
## add_wave /apatb_sobel_accel_top/AESL_inst_sobel_accel/ap_start -into $blocksiggroup
## set resetgroup [add_wave_group "Reset" -into $designtopgroup]
## add_wave /apatb_sobel_accel_top/AESL_inst_sobel_accel/ap_rst_n -into $resetgroup
## set clockgroup [add_wave_group "Clock" -into $designtopgroup]
## add_wave /apatb_sobel_accel_top/AESL_inst_sobel_accel/ap_clk -into $clockgroup
## set testbenchgroup [add_wave_group "Test Bench Signals"]
## set tbinternalsiggroup [add_wave_group "Internal Signals" -into $testbenchgroup]
## set tb_simstatus_group [add_wave_group "Simulation Status" -into $tbinternalsiggroup]
## set tb_portdepth_group [add_wave_group "Port Depth" -into $tbinternalsiggroup]
## add_wave /apatb_sobel_accel_top/AUTOTB_TRANSACTION_NUM -into $tb_simstatus_group -radix hex
## add_wave /apatb_sobel_accel_top/ready_cnt -into $tb_simstatus_group -radix hex
## add_wave /apatb_sobel_accel_top/done_cnt -into $tb_simstatus_group -radix hex
## add_wave /apatb_sobel_accel_top/LENGTH_height -into $tb_portdepth_group -radix hex
## add_wave /apatb_sobel_accel_top/LENGTH_in_stream_V_data_V -into $tb_portdepth_group -radix hex
## add_wave /apatb_sobel_accel_top/LENGTH_in_stream_V_dest_V -into $tb_portdepth_group -radix hex
## add_wave /apatb_sobel_accel_top/LENGTH_in_stream_V_id_V -into $tb_portdepth_group -radix hex
## add_wave /apatb_sobel_accel_top/LENGTH_in_stream_V_keep_V -into $tb_portdepth_group -radix hex
## add_wave /apatb_sobel_accel_top/LENGTH_in_stream_V_last_V -into $tb_portdepth_group -radix hex
## add_wave /apatb_sobel_accel_top/LENGTH_in_stream_V_strb_V -into $tb_portdepth_group -radix hex
## add_wave /apatb_sobel_accel_top/LENGTH_in_stream_V_user_V -into $tb_portdepth_group -radix hex
## add_wave /apatb_sobel_accel_top/LENGTH_out_stream_V_data_V -into $tb_portdepth_group -radix hex
## add_wave /apatb_sobel_accel_top/LENGTH_out_stream_V_dest_V -into $tb_portdepth_group -radix hex
## add_wave /apatb_sobel_accel_top/LENGTH_out_stream_V_id_V -into $tb_portdepth_group -radix hex
## add_wave /apatb_sobel_accel_top/LENGTH_out_stream_V_keep_V -into $tb_portdepth_group -radix hex
## add_wave /apatb_sobel_accel_top/LENGTH_out_stream_V_last_V -into $tb_portdepth_group -radix hex
## add_wave /apatb_sobel_accel_top/LENGTH_out_stream_V_strb_V -into $tb_portdepth_group -radix hex
## add_wave /apatb_sobel_accel_top/LENGTH_out_stream_V_user_V -into $tb_portdepth_group -radix hex
## add_wave /apatb_sobel_accel_top/LENGTH_threshold -into $tb_portdepth_group -radix hex
## add_wave /apatb_sobel_accel_top/LENGTH_width -into $tb_portdepth_group -radix hex
## set tbcinoutgroup [add_wave_group "C InOuts" -into $testbenchgroup]
## set tb_width__height__threshold__return_group [add_wave_group width__height__threshold__return(axi_slave) -into $tbcinoutgroup]
## add_wave /apatb_sobel_accel_top/CTRL_INTERRUPT -into $tb_width__height__threshold__return_group -color #ffff00 -radix hex
## add_wave /apatb_sobel_accel_top/CTRL_BRESP -into $tb_width__height__threshold__return_group -radix hex
## add_wave /apatb_sobel_accel_top/CTRL_BREADY -into $tb_width__height__threshold__return_group -color #ffff00 -radix hex
## add_wave /apatb_sobel_accel_top/CTRL_BVALID -into $tb_width__height__threshold__return_group -color #ffff00 -radix hex
## add_wave /apatb_sobel_accel_top/CTRL_RRESP -into $tb_width__height__threshold__return_group -radix hex
## add_wave /apatb_sobel_accel_top/CTRL_RDATA -into $tb_width__height__threshold__return_group -radix hex
## add_wave /apatb_sobel_accel_top/CTRL_RREADY -into $tb_width__height__threshold__return_group -color #ffff00 -radix hex
## add_wave /apatb_sobel_accel_top/CTRL_RVALID -into $tb_width__height__threshold__return_group -color #ffff00 -radix hex
## add_wave /apatb_sobel_accel_top/CTRL_ARREADY -into $tb_width__height__threshold__return_group -color #ffff00 -radix hex
## add_wave /apatb_sobel_accel_top/CTRL_ARVALID -into $tb_width__height__threshold__return_group -color #ffff00 -radix hex
## add_wave /apatb_sobel_accel_top/CTRL_ARADDR -into $tb_width__height__threshold__return_group -radix hex
## add_wave /apatb_sobel_accel_top/CTRL_WSTRB -into $tb_width__height__threshold__return_group -radix hex
## add_wave /apatb_sobel_accel_top/CTRL_WDATA -into $tb_width__height__threshold__return_group -radix hex
## add_wave /apatb_sobel_accel_top/CTRL_WREADY -into $tb_width__height__threshold__return_group -color #ffff00 -radix hex
## add_wave /apatb_sobel_accel_top/CTRL_WVALID -into $tb_width__height__threshold__return_group -color #ffff00 -radix hex
## add_wave /apatb_sobel_accel_top/CTRL_AWREADY -into $tb_width__height__threshold__return_group -color #ffff00 -radix hex
## add_wave /apatb_sobel_accel_top/CTRL_AWVALID -into $tb_width__height__threshold__return_group -color #ffff00 -radix hex
## add_wave /apatb_sobel_accel_top/CTRL_AWADDR -into $tb_width__height__threshold__return_group -radix hex
## set tbcoutputgroup [add_wave_group "C Outputs" -into $testbenchgroup]
## set tb_return_group [add_wave_group return(axis) -into $tbcoutputgroup]
## add_wave /apatb_sobel_accel_top/out_stream_TDEST -into $tb_return_group -radix hex
## add_wave /apatb_sobel_accel_top/out_stream_TID -into $tb_return_group -radix hex
## add_wave /apatb_sobel_accel_top/out_stream_TLAST -into $tb_return_group -color #ffff00 -radix hex
## add_wave /apatb_sobel_accel_top/out_stream_TUSER -into $tb_return_group -radix hex
## add_wave /apatb_sobel_accel_top/out_stream_TSTRB -into $tb_return_group -radix hex
## add_wave /apatb_sobel_accel_top/out_stream_TKEEP -into $tb_return_group -radix hex
## add_wave /apatb_sobel_accel_top/out_stream_TREADY -into $tb_return_group -color #ffff00 -radix hex
## add_wave /apatb_sobel_accel_top/out_stream_TVALID -into $tb_return_group -color #ffff00 -radix hex
## add_wave /apatb_sobel_accel_top/out_stream_TDATA -into $tb_return_group -radix hex
## set tbcinputgroup [add_wave_group "C Inputs" -into $testbenchgroup]
## set tb_return_group [add_wave_group return(axis) -into $tbcinputgroup]
## add_wave /apatb_sobel_accel_top/in_stream_TDEST -into $tb_return_group -radix hex
## add_wave /apatb_sobel_accel_top/in_stream_TID -into $tb_return_group -radix hex
## add_wave /apatb_sobel_accel_top/in_stream_TLAST -into $tb_return_group -color #ffff00 -radix hex
## add_wave /apatb_sobel_accel_top/in_stream_TUSER -into $tb_return_group -radix hex
## add_wave /apatb_sobel_accel_top/in_stream_TSTRB -into $tb_return_group -radix hex
## add_wave /apatb_sobel_accel_top/in_stream_TKEEP -into $tb_return_group -radix hex
## add_wave /apatb_sobel_accel_top/in_stream_TREADY -into $tb_return_group -color #ffff00 -radix hex
## add_wave /apatb_sobel_accel_top/in_stream_TVALID -into $tb_return_group -color #ffff00 -radix hex
## add_wave /apatb_sobel_accel_top/in_stream_TDATA -into $tb_return_group -radix hex
## save_wave_config sobel_accel.wcfg
## run all
////////////////////////////////////////////////////////////////////////////////////
// Inter-Transaction Progress: Completed Transaction / Total Transaction
// Intra-Transaction Progress: Measured Latency / Latency Estimation * 100%
//
// RTL Simulation : "Inter-Transaction Progress" ["Intra-Transaction Progress"] @ "Simulation Time"
////////////////////////////////////////////////////////////////////////////////////
// RTL Simulation : 0 / 1 [n/a] @ "125000"
// RTL Simulation : 1 / 1 [n/a] @ "41555000"
////////////////////////////////////////////////////////////////////////////////////
$finish called at time : 41615 ns : File "F:/nyuhomework/hardware/project/action/hls/sobel_hls/solution1/sim/verilog/sobel_accel.autotb.v" Line 465
## quit
INFO: [Common 17-206] Exiting xsim at Mon May 11 03:53:48 2026...
Running Sobel Accelerator...
TEST PASSED! 100% Bit-true match with Golden Model.
INFO [HLS SIM]: The maximum depth reached by any hls::stream() instance in the design is 4096
INFO: [COSIM-1000] *** C/RTL co-simulation finished: PASS ***
INFO: [COSIM-211] II is measurable only when transaction number is greater than 1 in RTL simulation. Otherwise, they will be marked as all NA. If user wants to calculate them, please make sure there are at least 2 transactions in RTL simulation.
