Vivado Simulator v2024.1
Copyright 1986-2022 Xilinx, Inc. All Rights Reserved.
Copyright 2022-2024 Advanced Micro Devices, Inc. All Rights Reserved.
Running: F:/Xilinx/Vivado/2024.1/bin/unwrapped/win64.o/xelab.exe xil_defaultlib.apatb_sobel_accel_top glbl -Oenable_linking_all_libraries -prj sobel_accel.prj -L smartconnect_v1_0 -L axi_protocol_checker_v1_1_12 -L axi_protocol_checker_v1_1_13 -L axis_protocol_checker_v1_1_11 -L axis_protocol_checker_v1_1_12 -L xil_defaultlib -L unisims_ver -L xpm -L floating_point_v7_0_23 -L floating_point_v7_1_18 --lib ieee_proposed=./ieee_proposed -s sobel_accel -debug all 
Multi-threading is on. Using 14 slave threads.
INFO: [VRFC 10-2263] Analyzing SystemVerilog file "F:/nyuhomework/hardware/project/action/hls/sobel_hls/solution1/sim/verilog/glbl.v" into library work
INFO: [VRFC 10-311] analyzing module glbl
INFO: [VRFC 10-2263] Analyzing SystemVerilog file "F:/nyuhomework/hardware/project/action/hls/sobel_hls/solution1/sim/verilog/AESL_axi_slave_CTRL.v" into library xil_defaultlib
INFO: [VRFC 10-311] analyzing module AESL_axi_slave_CTRL
INFO: [VRFC 10-2263] Analyzing SystemVerilog file "F:/nyuhomework/hardware/project/action/hls/sobel_hls/solution1/sim/verilog/AESL_axi_s_in_stream.v" into library xil_defaultlib
INFO: [VRFC 10-311] analyzing module AESL_axi_s_in_stream
INFO: [VRFC 10-2263] Analyzing SystemVerilog file "F:/nyuhomework/hardware/project/action/hls/sobel_hls/solution1/sim/verilog/AESL_axi_s_out_stream.v" into library xil_defaultlib
INFO: [VRFC 10-311] analyzing module AESL_axi_s_out_stream
INFO: [VRFC 10-2263] Analyzing SystemVerilog file "F:/nyuhomework/hardware/project/action/hls/sobel_hls/solution1/sim/verilog/AESL_deadlock_idx0_monitor.v" into library xil_defaultlib
INFO: [VRFC 10-311] analyzing module AESL_deadlock_idx0_monitor
INFO: [VRFC 10-2263] Analyzing SystemVerilog file "F:/nyuhomework/hardware/project/action/hls/sobel_hls/solution1/sim/verilog/AESL_deadlock_idx1_monitor.v" into library xil_defaultlib
INFO: [VRFC 10-311] analyzing module AESL_deadlock_idx1_monitor
INFO: [VRFC 10-2263] Analyzing SystemVerilog file "F:/nyuhomework/hardware/project/action/hls/sobel_hls/solution1/sim/verilog/AESL_deadlock_kernel_monitor_top.v" into library xil_defaultlib
INFO: [VRFC 10-311] analyzing module AESL_deadlock_kernel_monitor_top
INFO: [VRFC 10-2263] Analyzing SystemVerilog file "F:/nyuhomework/hardware/project/action/hls/sobel_hls/solution1/sim/verilog/AESL_fifo.v" into library xil_defaultlib
INFO: [VRFC 10-311] analyzing module fifo
INFO: [VRFC 10-2263] Analyzing SystemVerilog file "F:/nyuhomework/hardware/project/action/hls/sobel_hls/solution1/sim/verilog/sobel_accel.autotb.v" into library xil_defaultlib
INFO: [VRFC 10-311] analyzing module apatb_sobel_accel_top
INFO: [VRFC 10-2263] Analyzing SystemVerilog file "F:/nyuhomework/hardware/project/action/hls/sobel_hls/solution1/sim/verilog/sobel_accel.v" into library xil_defaultlib
INFO: [VRFC 10-311] analyzing module sobel_accel
INFO: [VRFC 10-2263] Analyzing SystemVerilog file "F:/nyuhomework/hardware/project/action/hls/sobel_hls/solution1/sim/verilog/sobel_accel_CTRL_s_axi.v" into library xil_defaultlib
INFO: [VRFC 10-311] analyzing module sobel_accel_CTRL_s_axi
INFO: [VRFC 10-2263] Analyzing SystemVerilog file "F:/nyuhomework/hardware/project/action/hls/sobel_hls/solution1/sim/verilog/sobel_accel_flow_control_loop_pipe_sequential_init.v" into library xil_defaultlib
INFO: [VRFC 10-311] analyzing module sobel_accel_flow_control_loop_pipe_sequential_init
INFO: [VRFC 10-2263] Analyzing SystemVerilog file "F:/nyuhomework/hardware/project/action/hls/sobel_hls/solution1/sim/verilog/sobel_accel_mul_32ns_32ns_64_1_1.v" into library xil_defaultlib
INFO: [VRFC 10-311] analyzing module sobel_accel_mul_32ns_32ns_64_1_1
INFO: [VRFC 10-2263] Analyzing SystemVerilog file "F:/nyuhomework/hardware/project/action/hls/sobel_hls/solution1/sim/verilog/sobel_accel_regslice_both.v" into library xil_defaultlib
INFO: [VRFC 10-311] analyzing module sobel_accel_regslice_both
INFO: [VRFC 10-2263] Analyzing SystemVerilog file "F:/nyuhomework/hardware/project/action/hls/sobel_hls/solution1/sim/verilog/sobel_accel_sobel_accel_Pipeline_ROW_LOOP_COL_LOOP.v" into library xil_defaultlib
INFO: [VRFC 10-311] analyzing module sobel_accel_sobel_accel_Pipeline_ROW_LOOP_COL_LOOP
INFO: [VRFC 10-2263] Analyzing SystemVerilog file "F:/nyuhomework/hardware/project/action/hls/sobel_hls/solution1/sim/verilog/sobel_accel_sobel_accel_Pipeline_ROW_LOOP_COL_LOOP_sobel_accel_stream_stream_axis_0_int_ibkb.v" into library xil_defaultlib
INFO: [VRFC 10-311] analyzing module sobel_accel_sobel_accel_Pipeline_ROW_LOOP_COL_LOOP_sobel_accel_stream_stream_axis_0_int_ibkb
INFO: [VRFC 10-2263] Analyzing SystemVerilog file "F:/nyuhomework/hardware/project/action/hls/sobel_hls/solution1/sim/verilog/dataflow_monitor.sv" into library xil_defaultlib
INFO: [VRFC 10-311] analyzing module dataflow_monitor
Starting static elaboration
Pass Through NonSizing Optimizer
Completed static elaboration
Starting simulation data flow analysis
Completed simulation data flow analysis
Time Resolution for simulation is 1ps
Compiling package xil_defaultlib.$unit_dataflow_monitor_sv
Compiling module xil_defaultlib.sobel_accel_sobel_accel_Pipeline...
Compiling module xil_defaultlib.sobel_accel_flow_control_loop_pi...
Compiling module xil_defaultlib.sobel_accel_sobel_accel_Pipeline...
Compiling module xil_defaultlib.sobel_accel_CTRL_s_axi
Compiling module xil_defaultlib.sobel_accel_mul_32ns_32ns_64_1_1...
Compiling module xil_defaultlib.sobel_accel_regslice_both
Compiling module xil_defaultlib.sobel_accel_regslice_both(DataWi...
Compiling module xil_defaultlib.sobel_accel
Compiling module xil_defaultlib.fifo(DEPTH=4096)
Compiling module xil_defaultlib.fifo(DEPTH=4096,WIDTH=1)
Compiling module xil_defaultlib.AESL_axi_s_in_stream
Compiling module xil_defaultlib.AESL_axi_s_out_stream
Compiling module xil_defaultlib.AESL_axi_slave_CTRL
Compiling module xil_defaultlib.AESL_deadlock_idx1_monitor
Compiling module xil_defaultlib.AESL_deadlock_idx0_monitor
Compiling module xil_defaultlib.AESL_deadlock_kernel_monitor_top...
Compiling module xil_defaultlib.nodf_module_intf_default
Compiling module xil_defaultlib.upc_loop_intf(FSM_WIDTH=1)
Compiling module xil_defaultlib.dataflow_monitor_1
Compiling module xil_defaultlib.apatb_sobel_accel_top
Compiling module work.glbl
Built simulation snapshot sobel_accel
